[0.013s] Invoking command in '/home/student/Desktop/Robotics_Studio_1/Robotics_Studio_1/build/my_worlds_pkg': CMAKE_PREFIX_PATH=${CMAKE_PREFIX_PATH}:/home/student/ros2_ws/install/turtlebot3_teleop:/home/student/ros2_ws/install/turtlebot3_example:/opt/ros/humble /usr/bin/cmake /home/student/Desktop/Robotics_Studio_1/Robotics_Studio_1/src/my_worlds_pkg -DCMAKE_INSTALL_PREFIX=/home/student/Desktop/Robotics_Studio_1/Robotics_Studio_1/install/my_worlds_pkg
[0.461s] -- The C compiler identification is GNU 11.4.0
[0.538s] -- The CXX compiler identification is GNU 11.4.0
[0.581s] -- Detecting C compiler ABI info
[0.698s] -- Detecting C compiler ABI info - done
[0.706s] -- Check for working C compiler: /usr/bin/cc - skipped
[0.710s] -- Detecting C compile features
[0.713s] -- Detecting C compile features - done
[0.719s] -- Detecting CXX compiler ABI info
[0.825s] -- Detecting CXX compiler ABI info - done
[0.836s] -- Check for working CXX compiler: /usr/bin/c++ - skipped
[0.836s] -- Detecting CXX compile features
[0.837s] -- Detecting CXX compile features - done
[0.862s] -- Found ament_cmake: 1.3.9 (/opt/ros/humble/share/ament_cmake/cmake)
[1.078s] -- Found Python3: /usr/bin/python3 (found version "3.10.12") found components: Interpreter 
[1.312s] -- Found gazebo_ros: 3.7.0 (/opt/ros/humble/share/gazebo_ros/cmake)
[1.518s] -- Found rosidl_generator_c: 3.1.5 (/opt/ros/humble/share/rosidl_generator_c/cmake)
[1.542s] -- Found rosidl_adapter: 3.1.5 (/opt/ros/humble/share/rosidl_adapter/cmake)
[1.588s] -- Found rosidl_generator_cpp: 3.1.5 (/opt/ros/humble/share/rosidl_generator_cpp/cmake)
[1.638s] -- Using all available rosidl_typesupport_c: rosidl_typesupport_fastrtps_c;rosidl_typesupport_introspection_c
[1.718s] -- Using all available rosidl_typesupport_cpp: rosidl_typesupport_fastrtps_cpp;rosidl_typesupport_introspection_cpp
[1.890s] -- Found rmw_implementation_cmake: 6.1.2 (/opt/ros/humble/share/rmw_implementation_cmake/cmake)
[1.903s] -- Found rmw_fastrtps_cpp: 6.2.6 (/opt/ros/humble/share/rmw_fastrtps_cpp/cmake)
[2.141s] -- Found OpenSSL: /usr/lib/x86_64-linux-gnu/libcrypto.so (found version "3.0.2")  
[2.174s] -- Found FastRTPS: /opt/ros/humble/include  
[2.230s] -- Using RMW implementation 'rmw_fastrtps_cpp' as default
[2.270s] -- Looking for pthread.h
[2.365s] -- Looking for pthread.h - found
[2.366s] -- Performing Test CMAKE_HAVE_LIBC_PTHREAD
[2.458s] -- Performing Test CMAKE_HAVE_LIBC_PTHREAD - Success
[2.459s] -- Found Threads: TRUE  
[2.832s] -- Found PkgConfig: /usr/bin/pkg-config (found version "0.29.2") 
[2.834s] -- Checking for module 'bullet>=2.82'
[2.851s] --   Found bullet, version 3.05
[3.015s] -- Found fcl: /usr/include (found suitable version "0.7.0", minimum required is "0.5.0") 
[3.080s] -- Found assimp: /usr/include (found version "5.2.0") 
[3.164s] -- Found DART: /usr/include (Required is at least version "6.6") found components: dart 
[3.250s] -- Found Boost: /usr/lib/x86_64-linux-gnu/cmake/Boost-1.74.0/BoostConfig.cmake (found suitable version "1.74.0", minimum required is "1.40.0") found components: thread system filesystem program_options regex iostreams date_time 
[3.344s] -- Found Protobuf: /usr/lib/x86_64-linux-gnu/libprotobuf.so (found version "3.12.4") 
[3.365s] -- Looking for ignition-math6 -- found version 6.15.1
[3.405s] -- Searching for dependencies of ignition-math6
[3.411s] -- Looking for OGRE...
[3.411s] -- OGRE_PREFIX_WATCH changed.
[3.418s] -- Checking for module 'OGRE'
[3.433s] --   Found OGRE, version 1.9.0
[3.477s] -- Found Ogre Ghadamon (1.9.0)
[3.491s] -- Found OGRE: optimized;/usr/lib/x86_64-linux-gnu/libOgreMain.so;debug;/usr/lib/x86_64-linux-gnu/libOgreMain.so
[3.501s] -- Looking for OGRE_Paging...
[3.508s] -- Found OGRE_Paging: optimized;/usr/lib/x86_64-linux-gnu/libOgrePaging.so;debug;/usr/lib/x86_64-linux-gnu/libOgrePaging.so
[3.508s] -- Looking for OGRE_Terrain...
[3.515s] -- Found OGRE_Terrain: optimized;/usr/lib/x86_64-linux-gnu/libOgreTerrain.so;debug;/usr/lib/x86_64-linux-gnu/libOgreTerrain.so
[3.515s] -- Looking for OGRE_Property...
[3.523s] -- Found OGRE_Property: optimized;/usr/lib/x86_64-linux-gnu/libOgreProperty.so;debug;/usr/lib/x86_64-linux-gnu/libOgreProperty.so
[3.523s] -- Looking for OGRE_RTShaderSystem...
[3.530s] -- Found OGRE_RTShaderSystem: optimized;/usr/lib/x86_64-linux-gnu/libOgreRTShaderSystem.so;debug;/usr/lib/x86_64-linux-gnu/libOgreRTShaderSystem.so
[3.530s] -- Looking for OGRE_Volume...
[3.539s] -- Found OGRE_Volume: optimized;/usr/lib/x86_64-linux-gnu/libOgreVolume.so;debug;/usr/lib/x86_64-linux-gnu/libOgreVolume.so
[3.539s] -- Looking for OGRE_Overlay...
[3.546s] -- Found OGRE_Overlay: optimized;/usr/lib/x86_64-linux-gnu/libOgreOverlay.so;debug;/usr/lib/x86_64-linux-gnu/libOgreOverlay.so
[3.716s] -- Looking for ignition-math6 -- found version 6.15.1
[3.723s] -- Looking for ignition-transport8 -- found version 8.2.1
[3.724s] -- Searching for dependencies of ignition-transport8
[3.749s] -- Found Protobuf: /usr/lib/x86_64-linux-gnu/libprotobuf.so (found suitable version "3.12.4", minimum required is "3") 
[3.761s] -- Config-file not installed for ZeroMQ -- checking for pkg-config
[3.766s] -- Checking for module 'libzmq >= 4'
[3.809s] --   Found libzmq , version 4.3.4
[3.853s] -- Found ZeroMQ: TRUE (Required is at least version "4") 
[3.863s] -- Checking for module 'uuid'
[3.882s] --   Found uuid, version 2.37.2
[3.921s] -- Found UUID: TRUE  
[3.931s] -- Looking for ignition-msgs5 -- found version 5.8.1
[3.932s] -- Searching for dependencies of ignition-msgs5
[3.956s] -- Looking for ignition-math6 -- found version 6.15.1
[3.962s] -- Checking for module 'tinyxml2'
[3.979s] --   Found tinyxml2, version 9.0.0
[4.026s] -- Looking for ignition-msgs5 -- found version 5.8.1
[4.036s] -- Looking for ignition-common3 -- found version 3.14.0
[4.037s] -- Searching for dependencies of ignition-common3
[4.040s] -- Looking for dlfcn.h - found
[4.042s] -- Looking for libdl - found
[4.043s] -- Found DL: TRUE  
[4.070s] -- Found tinyobjloader: /usr/lib/x86_64-linux-gnu/cmake/tinyobjloader/tinyobjloader-config.cmake (found version "2.0.0") 
[4.075s] -- Searching for <ignition-common3> component [graphics]
[4.085s] -- Looking for ignition-common3-graphics -- found version 3.14.0
[4.086s] -- Searching for dependencies of ignition-common3-graphics
[4.086s] -- Looking for ignition-math6 -- found version 6.15.1
[4.102s] -- Looking for ignition-fuel_tools4 -- found version 4.4.0
[4.102s] -- Searching for dependencies of ignition-fuel_tools4
[4.209s] -- Found CURL: /usr/lib/x86_64-linux-gnu/libcurl.so (found version "7.81.0")  
[4.234s] -- Checking for module 'jsoncpp'
[4.254s] --   Found jsoncpp, version 1.9.5
[4.293s] -- Found JSONCPP: TRUE  
[4.300s] -- Checking for module 'libzip'
[4.319s] --   Found libzip, version 1.7.3
[4.360s] -- Found ZIP: TRUE  
[4.360s] -- Looking for ignition-common3 -- found version 3.14.0
[4.361s] -- Looking for ignition-math6 -- found version 6.15.1
[4.361s] -- Looking for ignition-msgs5 -- found version 5.8.1
[4.382s] -- Gazebo version: 11.10
[4.383s] -- Checking for module 'tbb'
[4.402s] --   Found tbb, version 2021.5.0
[4.524s] -- Configuring done
[4.531s] -- Generating done
[4.534s] -- Build files have been written to: /home/student/Desktop/Robotics_Studio_1/Robotics_Studio_1/build/my_worlds_pkg
[4.550s] Invoked command in '/home/student/Desktop/Robotics_Studio_1/Robotics_Studio_1/build/my_worlds_pkg' returned '0': CMAKE_PREFIX_PATH=${CMAKE_PREFIX_PATH}:/home/student/ros2_ws/install/turtlebot3_teleop:/home/student/ros2_ws/install/turtlebot3_example:/opt/ros/humble /usr/bin/cmake /home/student/Desktop/Robotics_Studio_1/Robotics_Studio_1/src/my_worlds_pkg -DCMAKE_INSTALL_PREFIX=/home/student/Desktop/Robotics_Studio_1/Robotics_Studio_1/install/my_worlds_pkg
[4.553s] Invoking command in '/home/student/Desktop/Robotics_Studio_1/Robotics_Studio_1/build/my_worlds_pkg': CMAKE_PREFIX_PATH=${CMAKE_PREFIX_PATH}:/home/student/ros2_ws/install/turtlebot3_teleop:/home/student/ros2_ws/install/turtlebot3_example:/opt/ros/humble /usr/bin/cmake --build /home/student/Desktop/Robotics_Studio_1/Robotics_Studio_1/build/my_worlds_pkg -- -j8 -l8
[4.604s] Invoked command in '/home/student/Desktop/Robotics_Studio_1/Robotics_Studio_1/build/my_worlds_pkg' returned '0': CMAKE_PREFIX_PATH=${CMAKE_PREFIX_PATH}:/home/student/ros2_ws/install/turtlebot3_teleop:/home/student/ros2_ws/install/turtlebot3_example:/opt/ros/humble /usr/bin/cmake --build /home/student/Desktop/Robotics_Studio_1/Robotics_Studio_1/build/my_worlds_pkg -- -j8 -l8
[4.648s] Invoking command in '/home/student/Desktop/Robotics_Studio_1/Robotics_Studio_1/build/my_worlds_pkg': CMAKE_PREFIX_PATH=${CMAKE_PREFIX_PATH}:/home/student/ros2_ws/install/turtlebot3_teleop:/home/student/ros2_ws/install/turtlebot3_example:/opt/ros/humble /usr/bin/cmake --install /home/student/Desktop/Robotics_Studio_1/Robotics_Studio_1/build/my_worlds_pkg
[4.657s] -- Install configuration: ""
[4.657s] -- Installing: /home/student/Desktop/Robotics_Studio_1/Robotics_Studio_1/install/my_worlds_pkg/share/my_worlds_pkg/worlds
[4.658s] -- Installing: /home/student/Desktop/Robotics_Studio_1/Robotics_Studio_1/install/my_worlds_pkg/share/my_worlds_pkg/worlds/office_world.world
[4.658s] -- Installing: /home/student/Desktop/Robotics_Studio_1/Robotics_Studio_1/install/my_worlds_pkg/share/my_worlds_pkg/launch
[4.658s] -- Installing: /home/student/Desktop/Robotics_Studio_1/Robotics_Studio_1/install/my_worlds_pkg/share/my_worlds_pkg/launch/office_world.launch.py
[4.658s] -- Installing: /home/student/Desktop/Robotics_Studio_1/Robotics_Studio_1/install/my_worlds_pkg/share/ament_index/resource_index/package_run_dependencies/my_worlds_pkg
[4.658s] -- Installing: /home/student/Desktop/Robotics_Studio_1/Robotics_Studio_1/install/my_worlds_pkg/share/ament_index/resource_index/parent_prefix_path/my_worlds_pkg
[4.659s] -- Installing: /home/student/Desktop/Robotics_Studio_1/Robotics_Studio_1/install/my_worlds_pkg/share/my_worlds_pkg/environment/ament_prefix_path.sh
[4.659s] -- Installing: /home/student/Desktop/Robotics_Studio_1/Robotics_Studio_1/install/my_worlds_pkg/share/my_worlds_pkg/environment/ament_prefix_path.dsv
[4.659s] -- Installing: /home/student/Desktop/Robotics_Studio_1/Robotics_Studio_1/install/my_worlds_pkg/share/my_worlds_pkg/environment/path.sh
[4.659s] -- Installing: /home/student/Desktop/Robotics_Studio_1/Robotics_Studio_1/install/my_worlds_pkg/share/my_worlds_pkg/environment/path.dsv
[4.659s] -- Installing: /home/student/Desktop/Robotics_Studio_1/Robotics_Studio_1/install/my_worlds_pkg/share/my_worlds_pkg/local_setup.bash
[4.660s] -- Installing: /home/student/Desktop/Robotics_Studio_1/Robotics_Studio_1/install/my_worlds_pkg/share/my_worlds_pkg/local_setup.sh
[4.660s] -- Installing: /home/student/Desktop/Robotics_Studio_1/Robotics_Studio_1/install/my_worlds_pkg/share/my_worlds_pkg/local_setup.zsh
[4.660s] -- Installing: /home/student/Desktop/Robotics_Studio_1/Robotics_Studio_1/install/my_worlds_pkg/share/my_worlds_pkg/local_setup.dsv
[4.660s] -- Installing: /home/student/Desktop/Robotics_Studio_1/Robotics_Studio_1/install/my_worlds_pkg/share/my_worlds_pkg/package.dsv
[4.661s] -- Installing: /home/student/Desktop/Robotics_Studio_1/Robotics_Studio_1/install/my_worlds_pkg/share/ament_index/resource_index/packages/my_worlds_pkg
[4.661s] -- Installing: /home/student/Desktop/Robotics_Studio_1/Robotics_Studio_1/install/my_worlds_pkg/share/my_worlds_pkg/cmake/my_worlds_pkgConfig.cmake
[4.661s] -- Installing: /home/student/Desktop/Robotics_Studio_1/Robotics_Studio_1/install/my_worlds_pkg/share/my_worlds_pkg/cmake/my_worlds_pkgConfig-version.cmake
[4.661s] -- Installing: /home/student/Desktop/Robotics_Studio_1/Robotics_Studio_1/install/my_worlds_pkg/share/my_worlds_pkg/package.xml
[4.663s] Invoked command in '/home/student/Desktop/Robotics_Studio_1/Robotics_Studio_1/build/my_worlds_pkg' returned '0': CMAKE_PREFIX_PATH=${CMAKE_PREFIX_PATH}:/home/student/ros2_ws/install/turtlebot3_teleop:/home/student/ros2_ws/install/turtlebot3_example:/opt/ros/humble /usr/bin/cmake --install /home/student/Desktop/Robotics_Studio_1/Robotics_Studio_1/build/my_worlds_pkg
