[0.120s] DEBUG:colcon:Command line arguments: ['/usr/bin/colcon', 'build']
[0.121s] DEBUG:colcon:Parsed command line arguments: Namespace(log_base=None, log_level=None, verb_name='build', build_base='build', install_base='install', merge_install=False, symlink_install=False, test_result_base=None, continue_on_error=False, executor='parallel', parallel_workers=8, event_handlers=None, ignore_user_meta=False, metas=['./colcon.meta'], base_paths=['.'], packages_ignore=None, packages_ignore_regex=None, paths=None, packages_up_to=None, packages_up_to_regex=None, packages_above=None, packages_above_and_dependencies=None, packages_above_depth=None, packages_select_by_dep=None, packages_skip_by_dep=None, packages_skip_up_to=None, packages_select_build_failed=False, packages_skip_build_finished=False, packages_select_test_failures=False, packages_skip_test_passed=False, packages_select=None, packages_skip=None, packages_select_regex=None, packages_skip_regex=None, packages_start=None, packages_end=None, allow_overriding=[], cmake_args=None, cmake_target=None, cmake_target_skip_unavailable=False, cmake_clean_cache=False, cmake_clean_first=False, cmake_force_configure=False, ament_cmake_args=None, catkin_cmake_args=None, catkin_skip_building_tests=False, mixin_files=None, mixin=None, verb_parser=<colcon_mixin.mixin.mixin_argument.MixinArgumentDecorator object at 0x712cddd2ff10>, verb_extension=<colcon_core.verb.build.BuildVerb object at 0x712cddd2f4f0>, main=<bound method BuildVerb.main of <colcon_core.verb.build.BuildVerb object at 0x712cddd2f4f0>>, mixin_verb=('build',))
[0.310s] Level 1:colcon.colcon_core.package_discovery:discover_packages(colcon_meta) check parameters
[0.310s] Level 1:colcon.colcon_core.package_discovery:discover_packages(recursive) check parameters
[0.310s] Level 1:colcon.colcon_core.package_discovery:discover_packages(ignore) check parameters
[0.310s] Level 1:colcon.colcon_core.package_discovery:discover_packages(path) check parameters
[0.310s] Level 1:colcon.colcon_core.package_discovery:discover_packages(colcon_meta) discover
[0.310s] Level 1:colcon.colcon_core.package_discovery:discover_packages(recursive) discover
[0.310s] INFO:colcon.colcon_core.package_discovery:Crawling recursively for packages in '/home/student/Desktop/Robotics_Studio_1/Robotics_Studio_1'
[0.310s] Level 1:colcon.colcon_core.package_identification:_identify(.) by extensions ['ignore', 'ignore_ament_install']
[0.310s] Level 1:colcon.colcon_core.package_identification:_identify(.) by extension 'ignore'
[0.310s] Level 1:colcon.colcon_core.package_identification:_identify(.) by extension 'ignore_ament_install'
[0.310s] Level 1:colcon.colcon_core.package_identification:_identify(.) by extensions ['colcon_pkg']
[0.310s] Level 1:colcon.colcon_core.package_identification:_identify(.) by extension 'colcon_pkg'
[0.310s] Level 1:colcon.colcon_core.package_identification:_identify(.) by extensions ['colcon_meta']
[0.311s] Level 1:colcon.colcon_core.package_identification:_identify(.) by extension 'colcon_meta'
[0.311s] Level 1:colcon.colcon_core.package_identification:_identify(.) by extensions ['ros']
[0.311s] Level 1:colcon.colcon_core.package_identification:_identify(.) by extension 'ros'
[0.322s] Level 1:colcon.colcon_core.package_identification:_identify(.) by extensions ['cmake', 'python']
[0.322s] Level 1:colcon.colcon_core.package_identification:_identify(.) by extension 'cmake'
[0.322s] Level 1:colcon.colcon_core.package_identification:_identify(.) by extension 'python'
[0.323s] Level 1:colcon.colcon_core.package_identification:_identify(.) by extensions ['python_setup_py']
[0.323s] Level 1:colcon.colcon_core.package_identification:_identify(.) by extension 'python_setup_py'
[0.323s] Level 1:colcon.colcon_core.package_identification:_identify(build) by extensions ['ignore', 'ignore_ament_install']
[0.323s] Level 1:colcon.colcon_core.package_identification:_identify(build) by extension 'ignore'
[0.323s] Level 1:colcon.colcon_core.package_identification:_identify(build) ignored
[0.323s] Level 1:colcon.colcon_core.package_identification:_identify(install) by extensions ['ignore', 'ignore_ament_install']
[0.323s] Level 1:colcon.colcon_core.package_identification:_identify(install) by extension 'ignore'
[0.323s] Level 1:colcon.colcon_core.package_identification:_identify(install) ignored
[0.323s] Level 1:colcon.colcon_core.package_identification:_identify(log) by extensions ['ignore', 'ignore_ament_install']
[0.323s] Level 1:colcon.colcon_core.package_identification:_identify(log) by extension 'ignore'
[0.323s] Level 1:colcon.colcon_core.package_identification:_identify(log) ignored
[0.323s] Level 1:colcon.colcon_core.package_identification:_identify(src) by extensions ['ignore', 'ignore_ament_install']
[0.324s] Level 1:colcon.colcon_core.package_identification:_identify(src) by extension 'ignore'
[0.324s] Level 1:colcon.colcon_core.package_identification:_identify(src) by extension 'ignore_ament_install'
[0.324s] Level 1:colcon.colcon_core.package_identification:_identify(src) by extensions ['colcon_pkg']
[0.324s] Level 1:colcon.colcon_core.package_identification:_identify(src) by extension 'colcon_pkg'
[0.324s] Level 1:colcon.colcon_core.package_identification:_identify(src) by extensions ['colcon_meta']
[0.324s] Level 1:colcon.colcon_core.package_identification:_identify(src) by extension 'colcon_meta'
[0.324s] Level 1:colcon.colcon_core.package_identification:_identify(src) by extensions ['ros']
[0.324s] Level 1:colcon.colcon_core.package_identification:_identify(src) by extension 'ros'
[0.324s] Level 1:colcon.colcon_core.package_identification:_identify(src) by extensions ['cmake', 'python']
[0.324s] Level 1:colcon.colcon_core.package_identification:_identify(src) by extension 'cmake'
[0.324s] Level 1:colcon.colcon_core.package_identification:_identify(src) by extension 'python'
[0.324s] Level 1:colcon.colcon_core.package_identification:_identify(src) by extensions ['python_setup_py']
[0.324s] Level 1:colcon.colcon_core.package_identification:_identify(src) by extension 'python_setup_py'
[0.324s] Level 1:colcon.colcon_core.package_identification:_identify(src/lab1_image_subscribing) by extensions ['ignore', 'ignore_ament_install']
[0.324s] Level 1:colcon.colcon_core.package_identification:_identify(src/lab1_image_subscribing) by extension 'ignore'
[0.324s] Level 1:colcon.colcon_core.package_identification:_identify(src/lab1_image_subscribing) by extension 'ignore_ament_install'
[0.324s] Level 1:colcon.colcon_core.package_identification:_identify(src/lab1_image_subscribing) by extensions ['colcon_pkg']
[0.324s] Level 1:colcon.colcon_core.package_identification:_identify(src/lab1_image_subscribing) by extension 'colcon_pkg'
[0.324s] Level 1:colcon.colcon_core.package_identification:_identify(src/lab1_image_subscribing) by extensions ['colcon_meta']
[0.325s] Level 1:colcon.colcon_core.package_identification:_identify(src/lab1_image_subscribing) by extension 'colcon_meta'
[0.325s] Level 1:colcon.colcon_core.package_identification:_identify(src/lab1_image_subscribing) by extensions ['ros']
[0.325s] Level 1:colcon.colcon_core.package_identification:_identify(src/lab1_image_subscribing) by extension 'ros'
[0.327s] DEBUG:colcon.colcon_core.package_identification:Package 'src/lab1_image_subscribing' with type 'ros.ament_cmake' and name 'lab1_image_subscribing'
[0.327s] Level 1:colcon.colcon_core.package_identification:_identify(src/lab2_laser_subscribing) by extensions ['ignore', 'ignore_ament_install']
[0.327s] Level 1:colcon.colcon_core.package_identification:_identify(src/lab2_laser_subscribing) by extension 'ignore'
[0.327s] Level 1:colcon.colcon_core.package_identification:_identify(src/lab2_laser_subscribing) by extension 'ignore_ament_install'
[0.328s] Level 1:colcon.colcon_core.package_identification:_identify(src/lab2_laser_subscribing) by extensions ['colcon_pkg']
[0.328s] Level 1:colcon.colcon_core.package_identification:_identify(src/lab2_laser_subscribing) by extension 'colcon_pkg'
[0.328s] Level 1:colcon.colcon_core.package_identification:_identify(src/lab2_laser_subscribing) by extensions ['colcon_meta']
[0.328s] Level 1:colcon.colcon_core.package_identification:_identify(src/lab2_laser_subscribing) by extension 'colcon_meta'
[0.328s] Level 1:colcon.colcon_core.package_identification:_identify(src/lab2_laser_subscribing) by extensions ['ros']
[0.328s] Level 1:colcon.colcon_core.package_identification:_identify(src/lab2_laser_subscribing) by extension 'ros'
[0.328s] DEBUG:colcon.colcon_core.package_identification:Package 'src/lab2_laser_subscribing' with type 'ros.ament_cmake' and name 'lab2_laser_subscribing'
[0.329s] Level 1:colcon.colcon_core.package_identification:_identify(src/my_worlds_pkg) by extensions ['ignore', 'ignore_ament_install']
[0.329s] Level 1:colcon.colcon_core.package_identification:_identify(src/my_worlds_pkg) by extension 'ignore'
[0.329s] Level 1:colcon.colcon_core.package_identification:_identify(src/my_worlds_pkg) by extension 'ignore_ament_install'
[0.329s] Level 1:colcon.colcon_core.package_identification:_identify(src/my_worlds_pkg) by extensions ['colcon_pkg']
[0.329s] Level 1:colcon.colcon_core.package_identification:_identify(src/my_worlds_pkg) by extension 'colcon_pkg'
[0.329s] Level 1:colcon.colcon_core.package_identification:_identify(src/my_worlds_pkg) by extensions ['colcon_meta']
[0.329s] Level 1:colcon.colcon_core.package_identification:_identify(src/my_worlds_pkg) by extension 'colcon_meta'
[0.329s] Level 1:colcon.colcon_core.package_identification:_identify(src/my_worlds_pkg) by extensions ['ros']
[0.329s] Level 1:colcon.colcon_core.package_identification:_identify(src/my_worlds_pkg) by extension 'ros'
[0.330s] DEBUG:colcon.colcon_core.package_identification:Package 'src/my_worlds_pkg' with type 'ros.ament_cmake' and name 'my_worlds_pkg'
[0.330s] Level 1:colcon.colcon_core.package_discovery:discover_packages(recursive) using defaults
[0.330s] Level 1:colcon.colcon_core.package_discovery:discover_packages(ignore) discover
[0.330s] Level 1:colcon.colcon_core.package_discovery:discover_packages(ignore) using defaults
[0.330s] Level 1:colcon.colcon_core.package_discovery:discover_packages(path) discover
[0.330s] Level 1:colcon.colcon_core.package_discovery:discover_packages(path) using defaults
[0.365s] Level 1:colcon.colcon_core.package_discovery:discover_packages(prefix_path) check parameters
[0.365s] Level 1:colcon.colcon_core.package_discovery:discover_packages(prefix_path) discover
[0.367s] DEBUG:colcon.colcon_installed_package_information.package_discovery:Found 2 installed packages in /home/student/Desktop/Robotics_Studio_1/Robotics_Studio_1/install
[0.368s] DEBUG:colcon.colcon_installed_package_information.package_discovery:Found 2 installed packages in /home/student/Desktop/Robotics_Studio_1/install
[0.368s] DEBUG:colcon.colcon_installed_package_information.package_discovery:Found 16 installed packages in /home/student/ros2_ws/install
[0.370s] DEBUG:colcon.colcon_installed_package_information.package_discovery:Found 386 installed packages in /opt/ros/humble
[0.372s] Level 1:colcon.colcon_core.package_discovery:discover_packages(prefix_path) using defaults
[0.423s] Level 5:colcon.colcon_core.verb:set package 'lab1_image_subscribing' build argument 'cmake_args' from command line to 'None'
[0.423s] Level 5:colcon.colcon_core.verb:set package 'lab1_image_subscribing' build argument 'cmake_target' from command line to 'None'
[0.423s] Level 5:colcon.colcon_core.verb:set package 'lab1_image_subscribing' build argument 'cmake_target_skip_unavailable' from command line to 'False'
[0.423s] Level 5:colcon.colcon_core.verb:set package 'lab1_image_subscribing' build argument 'cmake_clean_cache' from command line to 'False'
[0.423s] Level 5:colcon.colcon_core.verb:set package 'lab1_image_subscribing' build argument 'cmake_clean_first' from command line to 'False'
[0.423s] Level 5:colcon.colcon_core.verb:set package 'lab1_image_subscribing' build argument 'cmake_force_configure' from command line to 'False'
[0.423s] Level 5:colcon.colcon_core.verb:set package 'lab1_image_subscribing' build argument 'ament_cmake_args' from command line to 'None'
[0.423s] Level 5:colcon.colcon_core.verb:set package 'lab1_image_subscribing' build argument 'catkin_cmake_args' from command line to 'None'
[0.423s] Level 5:colcon.colcon_core.verb:set package 'lab1_image_subscribing' build argument 'catkin_skip_building_tests' from command line to 'False'
[0.423s] DEBUG:colcon.colcon_core.verb:Building package 'lab1_image_subscribing' with the following arguments: {'ament_cmake_args': None, 'build_base': '/home/student/Desktop/Robotics_Studio_1/Robotics_Studio_1/build/lab1_image_subscribing', 'catkin_cmake_args': None, 'catkin_skip_building_tests': False, 'cmake_args': None, 'cmake_clean_cache': False, 'cmake_clean_first': False, 'cmake_force_configure': False, 'cmake_target': None, 'cmake_target_skip_unavailable': False, 'install_base': '/home/student/Desktop/Robotics_Studio_1/Robotics_Studio_1/install/lab1_image_subscribing', 'merge_install': False, 'path': '/home/student/Desktop/Robotics_Studio_1/Robotics_Studio_1/src/lab1_image_subscribing', 'symlink_install': False, 'test_result_base': None}
[0.424s] Level 5:colcon.colcon_core.verb:set package 'lab2_laser_subscribing' build argument 'cmake_args' from command line to 'None'
[0.424s] Level 5:colcon.colcon_core.verb:set package 'lab2_laser_subscribing' build argument 'cmake_target' from command line to 'None'
[0.424s] Level 5:colcon.colcon_core.verb:set package 'lab2_laser_subscribing' build argument 'cmake_target_skip_unavailable' from command line to 'False'
[0.424s] Level 5:colcon.colcon_core.verb:set package 'lab2_laser_subscribing' build argument 'cmake_clean_cache' from command line to 'False'
[0.424s] Level 5:colcon.colcon_core.verb:set package 'lab2_laser_subscribing' build argument 'cmake_clean_first' from command line to 'False'
[0.424s] Level 5:colcon.colcon_core.verb:set package 'lab2_laser_subscribing' build argument 'cmake_force_configure' from command line to 'False'
[0.424s] Level 5:colcon.colcon_core.verb:set package 'lab2_laser_subscribing' build argument 'ament_cmake_args' from command line to 'None'
[0.424s] Level 5:colcon.colcon_core.verb:set package 'lab2_laser_subscribing' build argument 'catkin_cmake_args' from command line to 'None'
[0.424s] Level 5:colcon.colcon_core.verb:set package 'lab2_laser_subscribing' build argument 'catkin_skip_building_tests' from command line to 'False'
[0.424s] DEBUG:colcon.colcon_core.verb:Building package 'lab2_laser_subscribing' with the following arguments: {'ament_cmake_args': None, 'build_base': '/home/student/Desktop/Robotics_Studio_1/Robotics_Studio_1/build/lab2_laser_subscribing', 'catkin_cmake_args': None, 'catkin_skip_building_tests': False, 'cmake_args': None, 'cmake_clean_cache': False, 'cmake_clean_first': False, 'cmake_force_configure': False, 'cmake_target': None, 'cmake_target_skip_unavailable': False, 'install_base': '/home/student/Desktop/Robotics_Studio_1/Robotics_Studio_1/install/lab2_laser_subscribing', 'merge_install': False, 'path': '/home/student/Desktop/Robotics_Studio_1/Robotics_Studio_1/src/lab2_laser_subscribing', 'symlink_install': False, 'test_result_base': None}
[0.425s] Level 5:colcon.colcon_core.verb:set package 'my_worlds_pkg' build argument 'cmake_args' from command line to 'None'
[0.425s] Level 5:colcon.colcon_core.verb:set package 'my_worlds_pkg' build argument 'cmake_target' from command line to 'None'
[0.425s] Level 5:colcon.colcon_core.verb:set package 'my_worlds_pkg' build argument 'cmake_target_skip_unavailable' from command line to 'False'
[0.425s] Level 5:colcon.colcon_core.verb:set package 'my_worlds_pkg' build argument 'cmake_clean_cache' from command line to 'False'
[0.425s] Level 5:colcon.colcon_core.verb:set package 'my_worlds_pkg' build argument 'cmake_clean_first' from command line to 'False'
[0.425s] Level 5:colcon.colcon_core.verb:set package 'my_worlds_pkg' build argument 'cmake_force_configure' from command line to 'False'
[0.425s] Level 5:colcon.colcon_core.verb:set package 'my_worlds_pkg' build argument 'ament_cmake_args' from command line to 'None'
[0.425s] Level 5:colcon.colcon_core.verb:set package 'my_worlds_pkg' build argument 'catkin_cmake_args' from command line to 'None'
[0.425s] Level 5:colcon.colcon_core.verb:set package 'my_worlds_pkg' build argument 'catkin_skip_building_tests' from command line to 'False'
[0.425s] DEBUG:colcon.colcon_core.verb:Building package 'my_worlds_pkg' with the following arguments: {'ament_cmake_args': None, 'build_base': '/home/student/Desktop/Robotics_Studio_1/Robotics_Studio_1/build/my_worlds_pkg', 'catkin_cmake_args': None, 'catkin_skip_building_tests': False, 'cmake_args': None, 'cmake_clean_cache': False, 'cmake_clean_first': False, 'cmake_force_configure': False, 'cmake_target': None, 'cmake_target_skip_unavailable': False, 'install_base': '/home/student/Desktop/Robotics_Studio_1/Robotics_Studio_1/install/my_worlds_pkg', 'merge_install': False, 'path': '/home/student/Desktop/Robotics_Studio_1/Robotics_Studio_1/src/my_worlds_pkg', 'symlink_install': False, 'test_result_base': None}
[0.425s] INFO:colcon.colcon_core.executor:Executing jobs using 'parallel' executor
[0.426s] DEBUG:colcon.colcon_parallel_executor.executor.parallel:run_until_complete
[0.427s] INFO:colcon.colcon_ros.task.ament_cmake.build:Building ROS package in '/home/student/Desktop/Robotics_Studio_1/Robotics_Studio_1/src/lab1_image_subscribing' with build type 'ament_cmake'
[0.427s] INFO:colcon.colcon_cmake.task.cmake.build:Building CMake package in '/home/student/Desktop/Robotics_Studio_1/Robotics_Studio_1/src/lab1_image_subscribing'
[0.429s] INFO:colcon.colcon_core.plugin_system:Skipping extension 'colcon_core.shell.bat': Not used on non-Windows systems
[0.429s] INFO:colcon.colcon_core.shell:Skip shell extension 'powershell' for command environment: Not usable outside of PowerShell
[0.429s] DEBUG:colcon.colcon_core.shell:Skip shell extension 'dsv' for command environment
[0.435s] INFO:colcon.colcon_ros.task.ament_cmake.build:Building ROS package in '/home/student/Desktop/Robotics_Studio_1/Robotics_Studio_1/src/lab2_laser_subscribing' with build type 'ament_cmake'
[0.435s] INFO:colcon.colcon_cmake.task.cmake.build:Building CMake package in '/home/student/Desktop/Robotics_Studio_1/Robotics_Studio_1/src/lab2_laser_subscribing'
[0.435s] INFO:colcon.colcon_core.shell:Skip shell extension 'powershell' for command environment: Not usable outside of PowerShell
[0.435s] DEBUG:colcon.colcon_core.shell:Skip shell extension 'dsv' for command environment
[0.440s] INFO:colcon.colcon_ros.task.ament_cmake.build:Building ROS package in '/home/student/Desktop/Robotics_Studio_1/Robotics_Studio_1/src/my_worlds_pkg' with build type 'ament_cmake'
[0.440s] INFO:colcon.colcon_cmake.task.cmake.build:Building CMake package in '/home/student/Desktop/Robotics_Studio_1/Robotics_Studio_1/src/my_worlds_pkg'
[0.441s] INFO:colcon.colcon_core.shell:Skip shell extension 'powershell' for command environment: Not usable outside of PowerShell
[0.441s] DEBUG:colcon.colcon_core.shell:Skip shell extension 'dsv' for command environment
[0.454s] DEBUG:colcon.colcon_core.event_handler.log_command:Invoking command in '/home/student/Desktop/Robotics_Studio_1/Robotics_Studio_1/build/lab1_image_subscribing': CMAKE_PREFIX_PATH=${CMAKE_PREFIX_PATH}:/home/student/ros2_ws/install/turtlebot3_teleop:/home/student/ros2_ws/install/turtlebot3_example:/opt/ros/humble /usr/bin/cmake /home/student/Desktop/Robotics_Studio_1/Robotics_Studio_1/src/lab1_image_subscribing -DCMAKE_INSTALL_PREFIX=/home/student/Desktop/Robotics_Studio_1/Robotics_Studio_1/install/lab1_image_subscribing
[0.464s] DEBUG:colcon.colcon_core.event_handler.log_command:Invoking command in '/home/student/Desktop/Robotics_Studio_1/Robotics_Studio_1/build/lab2_laser_subscribing': CMAKE_PREFIX_PATH=${CMAKE_PREFIX_PATH}:/home/student/ros2_ws/install/turtlebot3_teleop:/home/student/ros2_ws/install/turtlebot3_example:/opt/ros/humble /usr/bin/cmake --build /home/student/Desktop/Robotics_Studio_1/Robotics_Studio_1/build/lab2_laser_subscribing -- -j8 -l8
[0.476s] DEBUG:colcon.colcon_core.event_handler.log_command:Invoking command in '/home/student/Desktop/Robotics_Studio_1/Robotics_Studio_1/build/my_worlds_pkg': CMAKE_PREFIX_PATH=${CMAKE_PREFIX_PATH}:/home/student/ros2_ws/install/turtlebot3_teleop:/home/student/ros2_ws/install/turtlebot3_example:/opt/ros/humble /usr/bin/cmake --build /home/student/Desktop/Robotics_Studio_1/Robotics_Studio_1/build/my_worlds_pkg -- -j8 -l8
[0.527s] DEBUG:colcon.colcon_core.event_handler.log_command:Invoked command in '/home/student/Desktop/Robotics_Studio_1/Robotics_Studio_1/build/my_worlds_pkg' returned '0': CMAKE_PREFIX_PATH=${CMAKE_PREFIX_PATH}:/home/student/ros2_ws/install/turtlebot3_teleop:/home/student/ros2_ws/install/turtlebot3_example:/opt/ros/humble /usr/bin/cmake --build /home/student/Desktop/Robotics_Studio_1/Robotics_Studio_1/build/my_worlds_pkg -- -j8 -l8
[0.574s] DEBUG:colcon.colcon_core.event_handler.log_command:Invoking command in '/home/student/Desktop/Robotics_Studio_1/Robotics_Studio_1/build/my_worlds_pkg': CMAKE_PREFIX_PATH=${CMAKE_PREFIX_PATH}:/home/student/ros2_ws/install/turtlebot3_teleop:/home/student/ros2_ws/install/turtlebot3_example:/opt/ros/humble /usr/bin/cmake --install /home/student/Desktop/Robotics_Studio_1/Robotics_Studio_1/build/my_worlds_pkg
[0.589s] Level 1:colcon.colcon_core.environment:create_environment_scripts_only(my_worlds_pkg)
[0.594s] DEBUG:colcon.colcon_core.event_handler.log_command:Invoked command in '/home/student/Desktop/Robotics_Studio_1/Robotics_Studio_1/build/my_worlds_pkg' returned '0': CMAKE_PREFIX_PATH=${CMAKE_PREFIX_PATH}:/home/student/ros2_ws/install/turtlebot3_teleop:/home/student/ros2_ws/install/turtlebot3_example:/opt/ros/humble /usr/bin/cmake --install /home/student/Desktop/Robotics_Studio_1/Robotics_Studio_1/build/my_worlds_pkg
[0.595s] Level 1:colcon.colcon_core.environment:checking '/home/student/Desktop/Robotics_Studio_1/Robotics_Studio_1/install/my_worlds_pkg' for CMake module files
[0.595s] Level 1:colcon.colcon_core.environment:checking '/home/student/Desktop/Robotics_Studio_1/Robotics_Studio_1/install/my_worlds_pkg' for CMake config files
[0.596s] Level 1:colcon.colcon_core.shell:create_environment_hook('my_worlds_pkg', 'cmake_prefix_path')
[0.596s] INFO:colcon.colcon_core.shell:Creating environment hook '/home/student/Desktop/Robotics_Studio_1/Robotics_Studio_1/install/my_worlds_pkg/share/my_worlds_pkg/hook/cmake_prefix_path.ps1'
[0.597s] INFO:colcon.colcon_core.shell:Creating environment descriptor '/home/student/Desktop/Robotics_Studio_1/Robotics_Studio_1/install/my_worlds_pkg/share/my_worlds_pkg/hook/cmake_prefix_path.dsv'
[0.597s] INFO:colcon.colcon_core.shell:Creating environment hook '/home/student/Desktop/Robotics_Studio_1/Robotics_Studio_1/install/my_worlds_pkg/share/my_worlds_pkg/hook/cmake_prefix_path.sh'
[0.599s] Level 1:colcon.colcon_core.environment:checking '/home/student/Desktop/Robotics_Studio_1/Robotics_Studio_1/install/my_worlds_pkg/bin'
[0.599s] Level 1:colcon.colcon_core.environment:checking '/home/student/Desktop/Robotics_Studio_1/Robotics_Studio_1/install/my_worlds_pkg/lib/pkgconfig/my_worlds_pkg.pc'
[0.599s] Level 1:colcon.colcon_core.environment:checking '/home/student/Desktop/Robotics_Studio_1/Robotics_Studio_1/install/my_worlds_pkg/lib/python3.10/site-packages'
[0.599s] Level 1:colcon.colcon_core.environment:checking '/home/student/Desktop/Robotics_Studio_1/Robotics_Studio_1/install/my_worlds_pkg/bin'
[0.600s] INFO:colcon.colcon_core.shell:Creating package script '/home/student/Desktop/Robotics_Studio_1/Robotics_Studio_1/install/my_worlds_pkg/share/my_worlds_pkg/package.ps1'
[0.600s] INFO:colcon.colcon_core.shell:Creating package descriptor '/home/student/Desktop/Robotics_Studio_1/Robotics_Studio_1/install/my_worlds_pkg/share/my_worlds_pkg/package.dsv'
[0.601s] INFO:colcon.colcon_core.shell:Creating package script '/home/student/Desktop/Robotics_Studio_1/Robotics_Studio_1/install/my_worlds_pkg/share/my_worlds_pkg/package.sh'
[0.602s] INFO:colcon.colcon_core.shell:Creating package script '/home/student/Desktop/Robotics_Studio_1/Robotics_Studio_1/install/my_worlds_pkg/share/my_worlds_pkg/package.bash'
[0.602s] INFO:colcon.colcon_core.shell:Creating package script '/home/student/Desktop/Robotics_Studio_1/Robotics_Studio_1/install/my_worlds_pkg/share/my_worlds_pkg/package.zsh'
[0.603s] Level 1:colcon.colcon_core.environment:create_file_with_runtime_dependencies(/home/student/Desktop/Robotics_Studio_1/Robotics_Studio_1/install/my_worlds_pkg/share/colcon-core/packages/my_worlds_pkg)
[0.633s] Level 1:colcon.colcon_core.environment:create_environment_scripts_only(my_worlds_pkg)
[0.634s] Level 1:colcon.colcon_core.environment:checking '/home/student/Desktop/Robotics_Studio_1/Robotics_Studio_1/install/my_worlds_pkg' for CMake module files
[0.634s] Level 1:colcon.colcon_core.environment:checking '/home/student/Desktop/Robotics_Studio_1/Robotics_Studio_1/install/my_worlds_pkg' for CMake config files
[0.635s] Level 1:colcon.colcon_core.shell:create_environment_hook('my_worlds_pkg', 'cmake_prefix_path')
[0.635s] INFO:colcon.colcon_core.shell:Creating environment hook '/home/student/Desktop/Robotics_Studio_1/Robotics_Studio_1/install/my_worlds_pkg/share/my_worlds_pkg/hook/cmake_prefix_path.ps1'
[0.635s] INFO:colcon.colcon_core.shell:Creating environment descriptor '/home/student/Desktop/Robotics_Studio_1/Robotics_Studio_1/install/my_worlds_pkg/share/my_worlds_pkg/hook/cmake_prefix_path.dsv'
[0.636s] INFO:colcon.colcon_core.shell:Creating environment hook '/home/student/Desktop/Robotics_Studio_1/Robotics_Studio_1/install/my_worlds_pkg/share/my_worlds_pkg/hook/cmake_prefix_path.sh'
[0.636s] Level 1:colcon.colcon_core.environment:checking '/home/student/Desktop/Robotics_Studio_1/Robotics_Studio_1/install/my_worlds_pkg/bin'
[0.637s] Level 1:colcon.colcon_core.environment:checking '/home/student/Desktop/Robotics_Studio_1/Robotics_Studio_1/install/my_worlds_pkg/lib/pkgconfig/my_worlds_pkg.pc'
[0.637s] Level 1:colcon.colcon_core.environment:checking '/home/student/Desktop/Robotics_Studio_1/Robotics_Studio_1/install/my_worlds_pkg/lib/python3.10/site-packages'
[0.637s] Level 1:colcon.colcon_core.environment:checking '/home/student/Desktop/Robotics_Studio_1/Robotics_Studio_1/install/my_worlds_pkg/bin'
[0.638s] INFO:colcon.colcon_core.shell:Creating package script '/home/student/Desktop/Robotics_Studio_1/Robotics_Studio_1/install/my_worlds_pkg/share/my_worlds_pkg/package.ps1'
[0.638s] INFO:colcon.colcon_core.shell:Creating package descriptor '/home/student/Desktop/Robotics_Studio_1/Robotics_Studio_1/install/my_worlds_pkg/share/my_worlds_pkg/package.dsv'
[0.639s] INFO:colcon.colcon_core.shell:Creating package script '/home/student/Desktop/Robotics_Studio_1/Robotics_Studio_1/install/my_worlds_pkg/share/my_worlds_pkg/package.sh'
[0.639s] INFO:colcon.colcon_core.shell:Creating package script '/home/student/Desktop/Robotics_Studio_1/Robotics_Studio_1/install/my_worlds_pkg/share/my_worlds_pkg/package.bash'
[0.640s] INFO:colcon.colcon_core.shell:Creating package script '/home/student/Desktop/Robotics_Studio_1/Robotics_Studio_1/install/my_worlds_pkg/share/my_worlds_pkg/package.zsh'
[0.640s] Level 1:colcon.colcon_core.environment:create_file_with_runtime_dependencies(/home/student/Desktop/Robotics_Studio_1/Robotics_Studio_1/install/my_worlds_pkg/share/colcon-core/packages/my_worlds_pkg)
[2.303s] DEBUG:colcon.colcon_core.event_handler.log_command:Invoked command in '/home/student/Desktop/Robotics_Studio_1/Robotics_Studio_1/build/lab1_image_subscribing' returned '0': CMAKE_PREFIX_PATH=${CMAKE_PREFIX_PATH}:/home/student/ros2_ws/install/turtlebot3_teleop:/home/student/ros2_ws/install/turtlebot3_example:/opt/ros/humble /usr/bin/cmake /home/student/Desktop/Robotics_Studio_1/Robotics_Studio_1/src/lab1_image_subscribing -DCMAKE_INSTALL_PREFIX=/home/student/Desktop/Robotics_Studio_1/Robotics_Studio_1/install/lab1_image_subscribing
[2.305s] DEBUG:colcon.colcon_core.event_handler.log_command:Invoking command in '/home/student/Desktop/Robotics_Studio_1/Robotics_Studio_1/build/lab1_image_subscribing': CMAKE_PREFIX_PATH=${CMAKE_PREFIX_PATH}:/home/student/ros2_ws/install/turtlebot3_teleop:/home/student/ros2_ws/install/turtlebot3_example:/opt/ros/humble /usr/bin/cmake --build /home/student/Desktop/Robotics_Studio_1/Robotics_Studio_1/build/lab1_image_subscribing -- -j8 -l8
[10.321s] DEBUG:colcon.colcon_core.event_handler.log_command:Invoked command in '/home/student/Desktop/Robotics_Studio_1/Robotics_Studio_1/build/lab2_laser_subscribing' returned '0': CMAKE_PREFIX_PATH=${CMAKE_PREFIX_PATH}:/home/student/ros2_ws/install/turtlebot3_teleop:/home/student/ros2_ws/install/turtlebot3_example:/opt/ros/humble /usr/bin/cmake --build /home/student/Desktop/Robotics_Studio_1/Robotics_Studio_1/build/lab2_laser_subscribing -- -j8 -l8
[10.358s] DEBUG:colcon.colcon_core.event_handler.log_command:Invoking command in '/home/student/Desktop/Robotics_Studio_1/Robotics_Studio_1/build/lab2_laser_subscribing': CMAKE_PREFIX_PATH=${CMAKE_PREFIX_PATH}:/home/student/ros2_ws/install/turtlebot3_teleop:/home/student/ros2_ws/install/turtlebot3_example:/opt/ros/humble /usr/bin/cmake --install /home/student/Desktop/Robotics_Studio_1/Robotics_Studio_1/build/lab2_laser_subscribing
[10.395s] Level 1:colcon.colcon_core.environment:create_environment_scripts_only(lab2_laser_subscribing)
[10.395s] Level 1:colcon.colcon_core.environment:checking '/home/student/Desktop/Robotics_Studio_1/Robotics_Studio_1/install/lab2_laser_subscribing' for CMake module files
[10.396s] DEBUG:colcon.colcon_core.event_handler.log_command:Invoked command in '/home/student/Desktop/Robotics_Studio_1/Robotics_Studio_1/build/lab2_laser_subscribing' returned '0': CMAKE_PREFIX_PATH=${CMAKE_PREFIX_PATH}:/home/student/ros2_ws/install/turtlebot3_teleop:/home/student/ros2_ws/install/turtlebot3_example:/opt/ros/humble /usr/bin/cmake --install /home/student/Desktop/Robotics_Studio_1/Robotics_Studio_1/build/lab2_laser_subscribing
[10.397s] Level 1:colcon.colcon_core.environment:checking '/home/student/Desktop/Robotics_Studio_1/Robotics_Studio_1/install/lab2_laser_subscribing' for CMake config files
[10.397s] Level 1:colcon.colcon_core.shell:create_environment_hook('lab2_laser_subscribing', 'cmake_prefix_path')
[10.397s] INFO:colcon.colcon_core.shell:Creating environment hook '/home/student/Desktop/Robotics_Studio_1/Robotics_Studio_1/install/lab2_laser_subscribing/share/lab2_laser_subscribing/hook/cmake_prefix_path.ps1'
[10.398s] INFO:colcon.colcon_core.shell:Creating environment descriptor '/home/student/Desktop/Robotics_Studio_1/Robotics_Studio_1/install/lab2_laser_subscribing/share/lab2_laser_subscribing/hook/cmake_prefix_path.dsv'
[10.399s] INFO:colcon.colcon_core.shell:Creating environment hook '/home/student/Desktop/Robotics_Studio_1/Robotics_Studio_1/install/lab2_laser_subscribing/share/lab2_laser_subscribing/hook/cmake_prefix_path.sh'
[10.399s] Level 1:colcon.colcon_core.environment:checking '/home/student/Desktop/Robotics_Studio_1/Robotics_Studio_1/install/lab2_laser_subscribing/lib'
[10.400s] Level 1:colcon.colcon_core.environment:checking '/home/student/Desktop/Robotics_Studio_1/Robotics_Studio_1/install/lab2_laser_subscribing/bin'
[10.400s] Level 1:colcon.colcon_core.environment:checking '/home/student/Desktop/Robotics_Studio_1/Robotics_Studio_1/install/lab2_laser_subscribing/lib/pkgconfig/lab2_laser_subscribing.pc'
[10.400s] Level 1:colcon.colcon_core.environment:checking '/home/student/Desktop/Robotics_Studio_1/Robotics_Studio_1/install/lab2_laser_subscribing/lib/python3.10/site-packages'
[10.401s] Level 1:colcon.colcon_core.environment:checking '/home/student/Desktop/Robotics_Studio_1/Robotics_Studio_1/install/lab2_laser_subscribing/bin'
[10.401s] INFO:colcon.colcon_core.shell:Creating package script '/home/student/Desktop/Robotics_Studio_1/Robotics_Studio_1/install/lab2_laser_subscribing/share/lab2_laser_subscribing/package.ps1'
[10.402s] INFO:colcon.colcon_core.shell:Creating package descriptor '/home/student/Desktop/Robotics_Studio_1/Robotics_Studio_1/install/lab2_laser_subscribing/share/lab2_laser_subscribing/package.dsv'
[10.402s] INFO:colcon.colcon_core.shell:Creating package script '/home/student/Desktop/Robotics_Studio_1/Robotics_Studio_1/install/lab2_laser_subscribing/share/lab2_laser_subscribing/package.sh'
[10.403s] INFO:colcon.colcon_core.shell:Creating package script '/home/student/Desktop/Robotics_Studio_1/Robotics_Studio_1/install/lab2_laser_subscribing/share/lab2_laser_subscribing/package.bash'
[10.403s] INFO:colcon.colcon_core.shell:Creating package script '/home/student/Desktop/Robotics_Studio_1/Robotics_Studio_1/install/lab2_laser_subscribing/share/lab2_laser_subscribing/package.zsh'
[10.403s] Level 1:colcon.colcon_core.environment:create_file_with_runtime_dependencies(/home/student/Desktop/Robotics_Studio_1/Robotics_Studio_1/install/lab2_laser_subscribing/share/colcon-core/packages/lab2_laser_subscribing)
[10.438s] Level 1:colcon.colcon_core.environment:create_environment_scripts_only(lab2_laser_subscribing)
[10.438s] Level 1:colcon.colcon_core.environment:checking '/home/student/Desktop/Robotics_Studio_1/Robotics_Studio_1/install/lab2_laser_subscribing' for CMake module files
[10.439s] Level 1:colcon.colcon_core.environment:checking '/home/student/Desktop/Robotics_Studio_1/Robotics_Studio_1/install/lab2_laser_subscribing' for CMake config files
[10.439s] Level 1:colcon.colcon_core.shell:create_environment_hook('lab2_laser_subscribing', 'cmake_prefix_path')
[10.439s] INFO:colcon.colcon_core.shell:Creating environment hook '/home/student/Desktop/Robotics_Studio_1/Robotics_Studio_1/install/lab2_laser_subscribing/share/lab2_laser_subscribing/hook/cmake_prefix_path.ps1'
[10.440s] INFO:colcon.colcon_core.shell:Creating environment descriptor '/home/student/Desktop/Robotics_Studio_1/Robotics_Studio_1/install/lab2_laser_subscribing/share/lab2_laser_subscribing/hook/cmake_prefix_path.dsv'
[10.440s] INFO:colcon.colcon_core.shell:Creating environment hook '/home/student/Desktop/Robotics_Studio_1/Robotics_Studio_1/install/lab2_laser_subscribing/share/lab2_laser_subscribing/hook/cmake_prefix_path.sh'
[10.441s] Level 1:colcon.colcon_core.environment:checking '/home/student/Desktop/Robotics_Studio_1/Robotics_Studio_1/install/lab2_laser_subscribing/lib'
[10.441s] Level 1:colcon.colcon_core.environment:checking '/home/student/Desktop/Robotics_Studio_1/Robotics_Studio_1/install/lab2_laser_subscribing/bin'
[10.441s] Level 1:colcon.colcon_core.environment:checking '/home/student/Desktop/Robotics_Studio_1/Robotics_Studio_1/install/lab2_laser_subscribing/lib/pkgconfig/lab2_laser_subscribing.pc'
[10.441s] Level 1:colcon.colcon_core.environment:checking '/home/student/Desktop/Robotics_Studio_1/Robotics_Studio_1/install/lab2_laser_subscribing/lib/python3.10/site-packages'
[10.441s] Level 1:colcon.colcon_core.environment:checking '/home/student/Desktop/Robotics_Studio_1/Robotics_Studio_1/install/lab2_laser_subscribing/bin'
[10.442s] INFO:colcon.colcon_core.shell:Creating package script '/home/student/Desktop/Robotics_Studio_1/Robotics_Studio_1/install/lab2_laser_subscribing/share/lab2_laser_subscribing/package.ps1'
[10.442s] INFO:colcon.colcon_core.shell:Creating package descriptor '/home/student/Desktop/Robotics_Studio_1/Robotics_Studio_1/install/lab2_laser_subscribing/share/lab2_laser_subscribing/package.dsv'
[10.443s] INFO:colcon.colcon_core.shell:Creating package script '/home/student/Desktop/Robotics_Studio_1/Robotics_Studio_1/install/lab2_laser_subscribing/share/lab2_laser_subscribing/package.sh'
[10.443s] INFO:colcon.colcon_core.shell:Creating package script '/home/student/Desktop/Robotics_Studio_1/Robotics_Studio_1/install/lab2_laser_subscribing/share/lab2_laser_subscribing/package.bash'
[10.444s] INFO:colcon.colcon_core.shell:Creating package script '/home/student/Desktop/Robotics_Studio_1/Robotics_Studio_1/install/lab2_laser_subscribing/share/lab2_laser_subscribing/package.zsh'
[10.444s] Level 1:colcon.colcon_core.environment:create_file_with_runtime_dependencies(/home/student/Desktop/Robotics_Studio_1/Robotics_Studio_1/install/lab2_laser_subscribing/share/colcon-core/packages/lab2_laser_subscribing)
[14.034s] DEBUG:colcon.colcon_core.event_handler.log_command:Invoked command in '/home/student/Desktop/Robotics_Studio_1/Robotics_Studio_1/build/lab1_image_subscribing' returned '0': CMAKE_PREFIX_PATH=${CMAKE_PREFIX_PATH}:/home/student/ros2_ws/install/turtlebot3_teleop:/home/student/ros2_ws/install/turtlebot3_example:/opt/ros/humble /usr/bin/cmake --build /home/student/Desktop/Robotics_Studio_1/Robotics_Studio_1/build/lab1_image_subscribing -- -j8 -l8
[14.068s] DEBUG:colcon.colcon_core.event_handler.log_command:Invoking command in '/home/student/Desktop/Robotics_Studio_1/Robotics_Studio_1/build/lab1_image_subscribing': CMAKE_PREFIX_PATH=${CMAKE_PREFIX_PATH}:/home/student/ros2_ws/install/turtlebot3_teleop:/home/student/ros2_ws/install/turtlebot3_example:/opt/ros/humble /usr/bin/cmake --install /home/student/Desktop/Robotics_Studio_1/Robotics_Studio_1/build/lab1_image_subscribing
[14.087s] Level 1:colcon.colcon_core.environment:create_environment_scripts_only(lab1_image_subscribing)
[14.088s] Level 1:colcon.colcon_core.environment:checking '/home/student/Desktop/Robotics_Studio_1/Robotics_Studio_1/install/lab1_image_subscribing' for CMake module files
[14.088s] DEBUG:colcon.colcon_core.event_handler.log_command:Invoked command in '/home/student/Desktop/Robotics_Studio_1/Robotics_Studio_1/build/lab1_image_subscribing' returned '0': CMAKE_PREFIX_PATH=${CMAKE_PREFIX_PATH}:/home/student/ros2_ws/install/turtlebot3_teleop:/home/student/ros2_ws/install/turtlebot3_example:/opt/ros/humble /usr/bin/cmake --install /home/student/Desktop/Robotics_Studio_1/Robotics_Studio_1/build/lab1_image_subscribing
[14.089s] Level 1:colcon.colcon_core.environment:checking '/home/student/Desktop/Robotics_Studio_1/Robotics_Studio_1/install/lab1_image_subscribing' for CMake config files
[14.089s] Level 1:colcon.colcon_core.shell:create_environment_hook('lab1_image_subscribing', 'cmake_prefix_path')
[14.089s] INFO:colcon.colcon_core.shell:Creating environment hook '/home/student/Desktop/Robotics_Studio_1/Robotics_Studio_1/install/lab1_image_subscribing/share/lab1_image_subscribing/hook/cmake_prefix_path.ps1'
[14.090s] INFO:colcon.colcon_core.shell:Creating environment descriptor '/home/student/Desktop/Robotics_Studio_1/Robotics_Studio_1/install/lab1_image_subscribing/share/lab1_image_subscribing/hook/cmake_prefix_path.dsv'
[14.090s] INFO:colcon.colcon_core.shell:Creating environment hook '/home/student/Desktop/Robotics_Studio_1/Robotics_Studio_1/install/lab1_image_subscribing/share/lab1_image_subscribing/hook/cmake_prefix_path.sh'
[14.090s] Level 1:colcon.colcon_core.environment:checking '/home/student/Desktop/Robotics_Studio_1/Robotics_Studio_1/install/lab1_image_subscribing/lib'
[14.091s] Level 1:colcon.colcon_core.environment:checking '/home/student/Desktop/Robotics_Studio_1/Robotics_Studio_1/install/lab1_image_subscribing/bin'
[14.091s] Level 1:colcon.colcon_core.environment:checking '/home/student/Desktop/Robotics_Studio_1/Robotics_Studio_1/install/lab1_image_subscribing/lib/pkgconfig/lab1_image_subscribing.pc'
[14.091s] Level 1:colcon.colcon_core.environment:checking '/home/student/Desktop/Robotics_Studio_1/Robotics_Studio_1/install/lab1_image_subscribing/lib/python3.10/site-packages'
[14.091s] Level 1:colcon.colcon_core.environment:checking '/home/student/Desktop/Robotics_Studio_1/Robotics_Studio_1/install/lab1_image_subscribing/bin'
[14.091s] INFO:colcon.colcon_core.shell:Creating package script '/home/student/Desktop/Robotics_Studio_1/Robotics_Studio_1/install/lab1_image_subscribing/share/lab1_image_subscribing/package.ps1'
[14.092s] INFO:colcon.colcon_core.shell:Creating package descriptor '/home/student/Desktop/Robotics_Studio_1/Robotics_Studio_1/install/lab1_image_subscribing/share/lab1_image_subscribing/package.dsv'
[14.092s] INFO:colcon.colcon_core.shell:Creating package script '/home/student/Desktop/Robotics_Studio_1/Robotics_Studio_1/install/lab1_image_subscribing/share/lab1_image_subscribing/package.sh'
[14.093s] INFO:colcon.colcon_core.shell:Creating package script '/home/student/Desktop/Robotics_Studio_1/Robotics_Studio_1/install/lab1_image_subscribing/share/lab1_image_subscribing/package.bash'
[14.093s] INFO:colcon.colcon_core.shell:Creating package script '/home/student/Desktop/Robotics_Studio_1/Robotics_Studio_1/install/lab1_image_subscribing/share/lab1_image_subscribing/package.zsh'
[14.093s] Level 1:colcon.colcon_core.environment:create_file_with_runtime_dependencies(/home/student/Desktop/Robotics_Studio_1/Robotics_Studio_1/install/lab1_image_subscribing/share/colcon-core/packages/lab1_image_subscribing)
[14.131s] Level 1:colcon.colcon_core.environment:create_environment_scripts_only(lab1_image_subscribing)
[14.131s] Level 1:colcon.colcon_core.environment:checking '/home/student/Desktop/Robotics_Studio_1/Robotics_Studio_1/install/lab1_image_subscribing' for CMake module files
[14.132s] Level 1:colcon.colcon_core.environment:checking '/home/student/Desktop/Robotics_Studio_1/Robotics_Studio_1/install/lab1_image_subscribing' for CMake config files
[14.132s] Level 1:colcon.colcon_core.shell:create_environment_hook('lab1_image_subscribing', 'cmake_prefix_path')
[14.132s] INFO:colcon.colcon_core.shell:Creating environment hook '/home/student/Desktop/Robotics_Studio_1/Robotics_Studio_1/install/lab1_image_subscribing/share/lab1_image_subscribing/hook/cmake_prefix_path.ps1'
[14.133s] INFO:colcon.colcon_core.shell:Creating environment descriptor '/home/student/Desktop/Robotics_Studio_1/Robotics_Studio_1/install/lab1_image_subscribing/share/lab1_image_subscribing/hook/cmake_prefix_path.dsv'
[14.133s] INFO:colcon.colcon_core.shell:Creating environment hook '/home/student/Desktop/Robotics_Studio_1/Robotics_Studio_1/install/lab1_image_subscribing/share/lab1_image_subscribing/hook/cmake_prefix_path.sh'
[14.134s] Level 1:colcon.colcon_core.environment:checking '/home/student/Desktop/Robotics_Studio_1/Robotics_Studio_1/install/lab1_image_subscribing/lib'
[14.134s] Level 1:colcon.colcon_core.environment:checking '/home/student/Desktop/Robotics_Studio_1/Robotics_Studio_1/install/lab1_image_subscribing/bin'
[14.134s] Level 1:colcon.colcon_core.environment:checking '/home/student/Desktop/Robotics_Studio_1/Robotics_Studio_1/install/lab1_image_subscribing/lib/pkgconfig/lab1_image_subscribing.pc'
[14.134s] Level 1:colcon.colcon_core.environment:checking '/home/student/Desktop/Robotics_Studio_1/Robotics_Studio_1/install/lab1_image_subscribing/lib/python3.10/site-packages'
[14.135s] Level 1:colcon.colcon_core.environment:checking '/home/student/Desktop/Robotics_Studio_1/Robotics_Studio_1/install/lab1_image_subscribing/bin'
[14.135s] INFO:colcon.colcon_core.shell:Creating package script '/home/student/Desktop/Robotics_Studio_1/Robotics_Studio_1/install/lab1_image_subscribing/share/lab1_image_subscribing/package.ps1'
[14.135s] INFO:colcon.colcon_core.shell:Creating package descriptor '/home/student/Desktop/Robotics_Studio_1/Robotics_Studio_1/install/lab1_image_subscribing/share/lab1_image_subscribing/package.dsv'
[14.136s] INFO:colcon.colcon_core.shell:Creating package script '/home/student/Desktop/Robotics_Studio_1/Robotics_Studio_1/install/lab1_image_subscribing/share/lab1_image_subscribing/package.sh'
[14.136s] INFO:colcon.colcon_core.shell:Creating package script '/home/student/Desktop/Robotics_Studio_1/Robotics_Studio_1/install/lab1_image_subscribing/share/lab1_image_subscribing/package.bash'
[14.137s] INFO:colcon.colcon_core.shell:Creating package script '/home/student/Desktop/Robotics_Studio_1/Robotics_Studio_1/install/lab1_image_subscribing/share/lab1_image_subscribing/package.zsh'
[14.137s] Level 1:colcon.colcon_core.environment:create_file_with_runtime_dependencies(/home/student/Desktop/Robotics_Studio_1/Robotics_Studio_1/install/lab1_image_subscribing/share/colcon-core/packages/lab1_image_subscribing)
[14.137s] DEBUG:colcon.colcon_parallel_executor.executor.parallel:closing loop
[14.138s] DEBUG:colcon.colcon_parallel_executor.executor.parallel:loop closed
[14.138s] DEBUG:colcon.colcon_parallel_executor.executor.parallel:run_until_complete finished with '0'
[14.138s] DEBUG:colcon.colcon_core.event_reactor:joining thread
[14.145s] INFO:colcon.colcon_core.plugin_system:Skipping extension 'colcon_notification.desktop_notification.terminal_notifier': Not used on non-Darwin systems
[14.145s] INFO:colcon.colcon_core.plugin_system:Skipping extension 'colcon_notification.desktop_notification.win32': Not used on non-Windows systems
[14.145s] INFO:colcon.colcon_notification.desktop_notification:Sending desktop notification using 'notify2'
[14.158s] DEBUG:colcon.colcon_core.event_reactor:joined thread
[14.158s] INFO:colcon.colcon_core.shell:Creating prefix script '/home/student/Desktop/Robotics_Studio_1/Robotics_Studio_1/install/local_setup.ps1'
[14.159s] INFO:colcon.colcon_core.shell:Creating prefix util module '/home/student/Desktop/Robotics_Studio_1/Robotics_Studio_1/install/_local_setup_util_ps1.py'
[14.161s] INFO:colcon.colcon_core.shell:Creating prefix chain script '/home/student/Desktop/Robotics_Studio_1/Robotics_Studio_1/install/setup.ps1'
[14.163s] INFO:colcon.colcon_core.shell:Creating prefix script '/home/student/Desktop/Robotics_Studio_1/Robotics_Studio_1/install/local_setup.sh'
[14.164s] INFO:colcon.colcon_core.shell:Creating prefix util module '/home/student/Desktop/Robotics_Studio_1/Robotics_Studio_1/install/_local_setup_util_sh.py'
[14.164s] INFO:colcon.colcon_core.shell:Creating prefix chain script '/home/student/Desktop/Robotics_Studio_1/Robotics_Studio_1/install/setup.sh'
[14.166s] INFO:colcon.colcon_core.shell:Creating prefix script '/home/student/Desktop/Robotics_Studio_1/Robotics_Studio_1/install/local_setup.bash'
[14.167s] INFO:colcon.colcon_core.shell:Creating prefix chain script '/home/student/Desktop/Robotics_Studio_1/Robotics_Studio_1/install/setup.bash'
[14.169s] INFO:colcon.colcon_core.shell:Creating prefix script '/home/student/Desktop/Robotics_Studio_1/Robotics_Studio_1/install/local_setup.zsh'
[14.170s] INFO:colcon.colcon_core.shell:Creating prefix chain script '/home/student/Desktop/Robotics_Studio_1/Robotics_Studio_1/install/setup.zsh'
