[0.114s] Invoking command in '/home/student/Desktop/Robotics_Studio_1/Robotics_Studio_1/build/laser_scan_subpub': CMAKE_PREFIX_PATH=${CMAKE_PREFIX_PATH}:/home/student/ros2_ws/install/turtlebot3_teleop:/home/student/ros2_ws/install/turtlebot3_example:/opt/ros/humble /usr/bin/cmake /home/student/Desktop/Robotics_Studio_1/Robotics_Studio_1/src/laser_scan_subpub -DCMAKE_INSTALL_PREFIX=/home/student/Desktop/Robotics_Studio_1/Robotics_Studio_1/install/laser_scan_subpub
[0.361s] -- The C compiler identification is GNU 11.4.0
[0.584s] -- The CXX compiler identification is GNU 11.4.0
[0.615s] -- Detecting C compiler ABI info
[0.934s] -- Detecting C compiler ABI info - done
[0.951s] -- Check for working C compiler: /usr/bin/cc - skipped
[0.951s] -- Detecting C compile features
[0.954s] -- Detecting C compile features - done
[0.959s] -- Detecting CXX compiler ABI info
[1.242s] -- Detecting CXX compiler ABI info - done
[1.257s] -- Check for working CXX compiler: /usr/bin/c++ - skipped
[1.257s] -- Detecting CXX compile features
[1.273s] -- Detecting CXX compile features - done
[1.273s] -- Found ament_cmake: 1.3.9 (/opt/ros/humble/share/ament_cmake/cmake)
[1.916s] -- Found Python3: /usr/bin/python3 (found version "3.10.12") found components: Interpreter 
[2.262s] -- Found rclcpp: 16.0.9 (/opt/ros/humble/share/rclcpp/cmake)
[2.432s] -- Found rosidl_generator_c: 3.1.5 (/opt/ros/humble/share/rosidl_generator_c/cmake)
[2.445s] -- Found rosidl_adapter: 3.1.5 (/opt/ros/humble/share/rosidl_adapter/cmake)
[2.469s] -- Found rosidl_generator_cpp: 3.1.5 (/opt/ros/humble/share/rosidl_generator_cpp/cmake)
[2.520s] -- Using all available rosidl_typesupport_c: rosidl_typesupport_fastrtps_c;rosidl_typesupport_introspection_c
[2.586s] -- Using all available rosidl_typesupport_cpp: rosidl_typesupport_fastrtps_cpp;rosidl_typesupport_introspection_cpp
[2.791s] -- Found rmw_implementation_cmake: 6.1.2 (/opt/ros/humble/share/rmw_implementation_cmake/cmake)
[2.820s] -- Found rmw_fastrtps_cpp: 6.2.6 (/opt/ros/humble/share/rmw_fastrtps_cpp/cmake)
[3.181s] -- Found OpenSSL: /usr/lib/x86_64-linux-gnu/libcrypto.so (found version "3.0.2")  
[3.318s] -- Found FastRTPS: /opt/ros/humble/include  
[3.489s] -- Using RMW implementation 'rmw_fastrtps_cpp' as default
[3.516s] -- Looking for pthread.h
[3.765s] -- Looking for pthread.h - found
[3.769s] -- Performing Test CMAKE_HAVE_LIBC_PTHREAD
[4.129s] -- Performing Test CMAKE_HAVE_LIBC_PTHREAD - Success
[4.131s] -- Found Threads: TRUE  
[4.960s] -- Found sensor_msgs: 4.2.4 (/opt/ros/humble/share/sensor_msgs/cmake)
[5.642s] -- Configuring done
[5.701s] -- Generating done
[5.704s] -- Build files have been written to: /home/student/Desktop/Robotics_Studio_1/Robotics_Studio_1/build/laser_scan_subpub
[5.745s] Invoked command in '/home/student/Desktop/Robotics_Studio_1/Robotics_Studio_1/build/laser_scan_subpub' returned '0': CMAKE_PREFIX_PATH=${CMAKE_PREFIX_PATH}:/home/student/ros2_ws/install/turtlebot3_teleop:/home/student/ros2_ws/install/turtlebot3_example:/opt/ros/humble /usr/bin/cmake /home/student/Desktop/Robotics_Studio_1/Robotics_Studio_1/src/laser_scan_subpub -DCMAKE_INSTALL_PREFIX=/home/student/Desktop/Robotics_Studio_1/Robotics_Studio_1/install/laser_scan_subpub
[5.746s] Invoking command in '/home/student/Desktop/Robotics_Studio_1/Robotics_Studio_1/build/laser_scan_subpub': CMAKE_PREFIX_PATH=${CMAKE_PREFIX_PATH}:/home/student/ros2_ws/install/turtlebot3_teleop:/home/student/ros2_ws/install/turtlebot3_example:/opt/ros/humble /usr/bin/cmake --build /home/student/Desktop/Robotics_Studio_1/Robotics_Studio_1/build/laser_scan_subpub -- -j8 -l8
[6.040s] [ 50%] [32mBuilding CXX object CMakeFiles/laser_scan_subpub.dir/src/laser_scan_subpub.cpp.o[0m
[30.189s] [100%] [32m[1mLinking CXX executable laser_scan_subpub[0m
[31.430s] [100%] Built target laser_scan_subpub
[31.470s] Invoked command in '/home/student/Desktop/Robotics_Studio_1/Robotics_Studio_1/build/laser_scan_subpub' returned '0': CMAKE_PREFIX_PATH=${CMAKE_PREFIX_PATH}:/home/student/ros2_ws/install/turtlebot3_teleop:/home/student/ros2_ws/install/turtlebot3_example:/opt/ros/humble /usr/bin/cmake --build /home/student/Desktop/Robotics_Studio_1/Robotics_Studio_1/build/laser_scan_subpub -- -j8 -l8
[31.622s] Invoking command in '/home/student/Desktop/Robotics_Studio_1/Robotics_Studio_1/build/laser_scan_subpub': CMAKE_PREFIX_PATH=${CMAKE_PREFIX_PATH}:/home/student/ros2_ws/install/turtlebot3_teleop:/home/student/ros2_ws/install/turtlebot3_example:/opt/ros/humble /usr/bin/cmake --install /home/student/Desktop/Robotics_Studio_1/Robotics_Studio_1/build/laser_scan_subpub
[31.638s] -- Install configuration: ""
[31.640s] -- Installing: /home/student/Desktop/Robotics_Studio_1/Robotics_Studio_1/install/laser_scan_subpub/lib/laser_scan_subpub/laser_scan_subpub
[31.645s] -- Set runtime path of "/home/student/Desktop/Robotics_Studio_1/Robotics_Studio_1/install/laser_scan_subpub/lib/laser_scan_subpub/laser_scan_subpub" to ""
[31.646s] -- Installing: /home/student/Desktop/Robotics_Studio_1/Robotics_Studio_1/install/laser_scan_subpub/share/ament_index/resource_index/package_run_dependencies/laser_scan_subpub
[31.646s] -- Installing: /home/student/Desktop/Robotics_Studio_1/Robotics_Studio_1/install/laser_scan_subpub/share/ament_index/resource_index/parent_prefix_path/laser_scan_subpub
[31.648s] -- Installing: /home/student/Desktop/Robotics_Studio_1/Robotics_Studio_1/install/laser_scan_subpub/share/laser_scan_subpub/environment/ament_prefix_path.sh
[31.648s] -- Installing: /home/student/Desktop/Robotics_Studio_1/Robotics_Studio_1/install/laser_scan_subpub/share/laser_scan_subpub/environment/ament_prefix_path.dsv
[31.651s] -- Installing: /home/student/Desktop/Robotics_Studio_1/Robotics_Studio_1/install/laser_scan_subpub/share/laser_scan_subpub/environment/path.sh
[31.651s] -- Installing: /home/student/Desktop/Robotics_Studio_1/Robotics_Studio_1/install/laser_scan_subpub/share/laser_scan_subpub/environment/path.dsv
[31.651s] -- Installing: /home/student/Desktop/Robotics_Studio_1/Robotics_Studio_1/install/laser_scan_subpub/share/laser_scan_subpub/local_setup.bash
[31.651s] -- Installing: /home/student/Desktop/Robotics_Studio_1/Robotics_Studio_1/install/laser_scan_subpub/share/laser_scan_subpub/local_setup.sh
[31.654s] -- Installing: /home/student/Desktop/Robotics_Studio_1/Robotics_Studio_1/install/laser_scan_subpub/share/laser_scan_subpub/local_setup.zsh
[31.654s] -- Installing: /home/student/Desktop/Robotics_Studio_1/Robotics_Studio_1/install/laser_scan_subpub/share/laser_scan_subpub/local_setup.dsv
[31.654s] -- Installing: /home/student/Desktop/Robotics_Studio_1/Robotics_Studio_1/install/laser_scan_subpub/share/laser_scan_subpub/package.dsv
[31.654s] -- Installing: /home/student/Desktop/Robotics_Studio_1/Robotics_Studio_1/install/laser_scan_subpub/share/ament_index/resource_index/packages/laser_scan_subpub
[31.654s] -- Installing: /home/student/Desktop/Robotics_Studio_1/Robotics_Studio_1/install/laser_scan_subpub/share/laser_scan_subpub/cmake/laser_scan_subpubConfig.cmake
[31.655s] -- Installing: /home/student/Desktop/Robotics_Studio_1/Robotics_Studio_1/install/laser_scan_subpub/share/laser_scan_subpub/cmake/laser_scan_subpubConfig-version.cmake
[31.655s] -- Installing: /home/student/Desktop/Robotics_Studio_1/Robotics_Studio_1/install/laser_scan_subpub/share/laser_scan_subpub/package.xml
[31.672s] Invoked command in '/home/student/Desktop/Robotics_Studio_1/Robotics_Studio_1/build/laser_scan_subpub' returned '0': CMAKE_PREFIX_PATH=${CMAKE_PREFIX_PATH}:/home/student/ros2_ws/install/turtlebot3_teleop:/home/student/ros2_ws/install/turtlebot3_example:/opt/ros/humble /usr/bin/cmake --install /home/student/Desktop/Robotics_Studio_1/Robotics_Studio_1/build/laser_scan_subpub
