[0.014s] Invoking command in '/home/student/Desktop/Robotics_Studio_1/Robotics_Studio_1/build/laser_scan_subpub': CMAKE_PREFIX_PATH=${CMAKE_PREFIX_PATH}:/home/student/ros2_ws/install/turtlebot3_teleop:/home/student/ros2_ws/install/turtlebot3_example:/opt/ros/humble /usr/bin/cmake /home/student/Desktop/Robotics_Studio_1/Robotics_Studio_1/src/laser_scan_subpub -DCMAKE_INSTALL_PREFIX=/home/student/Desktop/Robotics_Studio_1/Robotics_Studio_1/install/laser_scan_subpub
[0.699s] -- The C compiler identification is GNU 11.4.0
[1.082s] -- The CXX compiler identification is GNU 11.4.0
[1.120s] -- Detecting C compiler ABI info
[1.242s] -- Detecting C compiler ABI info - done
[1.251s] -- Check for working C compiler: /usr/bin/cc - skipped
[1.252s] -- Detecting C compile features
[1.255s] -- Detecting C compile features - done
[1.261s] -- Detecting CXX compiler ABI info
[1.385s] -- Detecting CXX compiler ABI info - done
[1.393s] -- Check for working CXX compiler: /usr/bin/c++ - skipped
[1.393s] -- Detecting CXX compile features
[1.394s] -- Detecting CXX compile features - done
[1.416s] -- Found ament_cmake: 1.3.9 (/opt/ros/humble/share/ament_cmake/cmake)
[1.659s] -- Found Python3: /usr/bin/python3 (found version "3.10.12") found components: Interpreter 
[1.918s] -- Found rclcpp: 16.0.9 (/opt/ros/humble/share/rclcpp/cmake)
[2.045s] -- Found rosidl_generator_c: 3.1.5 (/opt/ros/humble/share/rosidl_generator_c/cmake)
[2.056s] -- Found rosidl_adapter: 3.1.5 (/opt/ros/humble/share/rosidl_adapter/cmake)
[2.090s] -- Found rosidl_generator_cpp: 3.1.5 (/opt/ros/humble/share/rosidl_generator_cpp/cmake)
[2.125s] -- Using all available rosidl_typesupport_c: rosidl_typesupport_fastrtps_c;rosidl_typesupport_introspection_c
[2.168s] -- Using all available rosidl_typesupport_cpp: rosidl_typesupport_fastrtps_cpp;rosidl_typesupport_introspection_cpp
[2.313s] -- Found rmw_implementation_cmake: 6.1.2 (/opt/ros/humble/share/rmw_implementation_cmake/cmake)
[2.326s] -- Found rmw_fastrtps_cpp: 6.2.6 (/opt/ros/humble/share/rmw_fastrtps_cpp/cmake)
[2.563s] -- Found OpenSSL: /usr/lib/x86_64-linux-gnu/libcrypto.so (found version "3.0.2")  
[2.603s] -- Found FastRTPS: /opt/ros/humble/include  
[2.666s] -- Using RMW implementation 'rmw_fastrtps_cpp' as default
[2.704s] -- Looking for pthread.h
[2.882s] -- Looking for pthread.h - found
[2.882s] -- Performing Test CMAKE_HAVE_LIBC_PTHREAD
[2.981s] -- Performing Test CMAKE_HAVE_LIBC_PTHREAD - Success
[2.983s] -- Found Threads: TRUE  
[3.237s] -- Found sensor_msgs: 4.2.4 (/opt/ros/humble/share/sensor_msgs/cmake)
[3.407s] -- Found ament_lint_auto: 0.12.11 (/opt/ros/humble/share/ament_lint_auto/cmake)
[3.533s] -- Added test 'lint_cmake' to check CMake code style
[3.536s] -- Added test 'xmllint' to check XML markup files
[3.543s] -- Configuring done
[3.548s] -- Generating done
[3.550s] -- Build files have been written to: /home/student/Desktop/Robotics_Studio_1/Robotics_Studio_1/build/laser_scan_subpub
[3.563s] Invoked command in '/home/student/Desktop/Robotics_Studio_1/Robotics_Studio_1/build/laser_scan_subpub' returned '0': CMAKE_PREFIX_PATH=${CMAKE_PREFIX_PATH}:/home/student/ros2_ws/install/turtlebot3_teleop:/home/student/ros2_ws/install/turtlebot3_example:/opt/ros/humble /usr/bin/cmake /home/student/Desktop/Robotics_Studio_1/Robotics_Studio_1/src/laser_scan_subpub -DCMAKE_INSTALL_PREFIX=/home/student/Desktop/Robotics_Studio_1/Robotics_Studio_1/install/laser_scan_subpub
[3.566s] Invoking command in '/home/student/Desktop/Robotics_Studio_1/Robotics_Studio_1/build/laser_scan_subpub': CMAKE_PREFIX_PATH=${CMAKE_PREFIX_PATH}:/home/student/ros2_ws/install/turtlebot3_teleop:/home/student/ros2_ws/install/turtlebot3_example:/opt/ros/humble /usr/bin/cmake --build /home/student/Desktop/Robotics_Studio_1/Robotics_Studio_1/build/laser_scan_subpub -- -j8 -l8
[3.619s] Invoked command in '/home/student/Desktop/Robotics_Studio_1/Robotics_Studio_1/build/laser_scan_subpub' returned '0': CMAKE_PREFIX_PATH=${CMAKE_PREFIX_PATH}:/home/student/ros2_ws/install/turtlebot3_teleop:/home/student/ros2_ws/install/turtlebot3_example:/opt/ros/humble /usr/bin/cmake --build /home/student/Desktop/Robotics_Studio_1/Robotics_Studio_1/build/laser_scan_subpub -- -j8 -l8
[3.668s] Invoking command in '/home/student/Desktop/Robotics_Studio_1/Robotics_Studio_1/build/laser_scan_subpub': CMAKE_PREFIX_PATH=${CMAKE_PREFIX_PATH}:/home/student/ros2_ws/install/turtlebot3_teleop:/home/student/ros2_ws/install/turtlebot3_example:/opt/ros/humble /usr/bin/cmake --install /home/student/Desktop/Robotics_Studio_1/Robotics_Studio_1/build/laser_scan_subpub
[3.678s] -- Install configuration: ""
[3.678s] -- Installing: /home/student/Desktop/Robotics_Studio_1/Robotics_Studio_1/install/laser_scan_subpub/share/ament_index/resource_index/package_run_dependencies/laser_scan_subpub
[3.678s] -- Installing: /home/student/Desktop/Robotics_Studio_1/Robotics_Studio_1/install/laser_scan_subpub/share/ament_index/resource_index/parent_prefix_path/laser_scan_subpub
[3.678s] -- Installing: /home/student/Desktop/Robotics_Studio_1/Robotics_Studio_1/install/laser_scan_subpub/share/laser_scan_subpub/environment/ament_prefix_path.sh
[3.678s] -- Installing: /home/student/Desktop/Robotics_Studio_1/Robotics_Studio_1/install/laser_scan_subpub/share/laser_scan_subpub/environment/ament_prefix_path.dsv
[3.678s] -- Installing: /home/student/Desktop/Robotics_Studio_1/Robotics_Studio_1/install/laser_scan_subpub/share/laser_scan_subpub/environment/path.sh
[3.679s] -- Installing: /home/student/Desktop/Robotics_Studio_1/Robotics_Studio_1/install/laser_scan_subpub/share/laser_scan_subpub/environment/path.dsv
[3.679s] -- Installing: /home/student/Desktop/Robotics_Studio_1/Robotics_Studio_1/install/laser_scan_subpub/share/laser_scan_subpub/local_setup.bash
[3.679s] -- Installing: /home/student/Desktop/Robotics_Studio_1/Robotics_Studio_1/install/laser_scan_subpub/share/laser_scan_subpub/local_setup.sh
[3.679s] -- Installing: /home/student/Desktop/Robotics_Studio_1/Robotics_Studio_1/install/laser_scan_subpub/share/laser_scan_subpub/local_setup.zsh
[3.679s] -- Installing: /home/student/Desktop/Robotics_Studio_1/Robotics_Studio_1/install/laser_scan_subpub/share/laser_scan_subpub/local_setup.dsv
[3.679s] -- Installing: /home/student/Desktop/Robotics_Studio_1/Robotics_Studio_1/install/laser_scan_subpub/share/laser_scan_subpub/package.dsv
[3.679s] -- Installing: /home/student/Desktop/Robotics_Studio_1/Robotics_Studio_1/install/laser_scan_subpub/share/ament_index/resource_index/packages/laser_scan_subpub
[3.680s] -- Installing: /home/student/Desktop/Robotics_Studio_1/Robotics_Studio_1/install/laser_scan_subpub/share/laser_scan_subpub/cmake/laser_scan_subpubConfig.cmake
[3.680s] -- Installing: /home/student/Desktop/Robotics_Studio_1/Robotics_Studio_1/install/laser_scan_subpub/share/laser_scan_subpub/cmake/laser_scan_subpubConfig-version.cmake
[3.680s] -- Installing: /home/student/Desktop/Robotics_Studio_1/Robotics_Studio_1/install/laser_scan_subpub/share/laser_scan_subpub/package.xml
[3.682s] Invoked command in '/home/student/Desktop/Robotics_Studio_1/Robotics_Studio_1/build/laser_scan_subpub' returned '0': CMAKE_PREFIX_PATH=${CMAKE_PREFIX_PATH}:/home/student/ros2_ws/install/turtlebot3_teleop:/home/student/ros2_ws/install/turtlebot3_example:/opt/ros/humble /usr/bin/cmake --install /home/student/Desktop/Robotics_Studio_1/Robotics_Studio_1/build/laser_scan_subpub
