[0.012s] Invoking command in '/home/student/Desktop/Robotics_Studio_1/Robotics_Studio_1/Week 1 Lab/opencv_lab1/build/opencv_lab1': CMAKE_PREFIX_PATH=${CMAKE_PREFIX_PATH}:/home/student/ros2_ws/install/turtlebot3_teleop:/home/student/ros2_ws/install/turtlebot3_example:/opt/ros/humble /usr/bin/cmake /home/student/Desktop/Robotics_Studio_1/Robotics_Studio_1/Week 1 Lab/opencv_lab1 -DCMAKE_INSTALL_PREFIX=/home/student/Desktop/Robotics_Studio_1/Robotics_Studio_1/Week 1 Lab/opencv_lab1/install/opencv_lab1
[0.082s] -- The C compiler identification is GNU 11.4.0
[0.154s] -- The CXX compiler identification is GNU 11.4.0
[0.163s] -- Detecting C compiler ABI info
[0.254s] -- Detecting C compiler ABI info - done
[0.262s] -- Check for working C compiler: /usr/bin/cc - skipped
[0.262s] -- Detecting C compile features
[0.262s] -- Detecting C compile features - done
[0.266s] -- Detecting CXX compiler ABI info
[0.367s] -- Detecting CXX compiler ABI info - done
[0.378s] -- Check for working CXX compiler: /usr/bin/c++ - skipped
[0.378s] -- Detecting CXX compile features
[0.378s] -- Detecting CXX compile features - done
[0.383s] -- Found ament_cmake: 1.3.9 (/opt/ros/humble/share/ament_cmake/cmake)
[0.566s] -- Found Python3: /usr/bin/python3 (found version "3.10.12") found components: Interpreter 
[0.687s] -- Found rclcpp: 16.0.9 (/opt/ros/humble/share/rclcpp/cmake)
[0.752s] -- Found rosidl_generator_c: 3.1.5 (/opt/ros/humble/share/rosidl_generator_c/cmake)
[0.761s] -- Found rosidl_adapter: 3.1.5 (/opt/ros/humble/share/rosidl_adapter/cmake)
[0.774s] -- Found rosidl_generator_cpp: 3.1.5 (/opt/ros/humble/share/rosidl_generator_cpp/cmake)
[0.793s] -- Using all available rosidl_typesupport_c: rosidl_typesupport_fastrtps_c;rosidl_typesupport_introspection_c
[0.821s] -- Using all available rosidl_typesupport_cpp: rosidl_typesupport_fastrtps_cpp;rosidl_typesupport_introspection_cpp
[0.921s] -- Found rmw_implementation_cmake: 6.1.2 (/opt/ros/humble/share/rmw_implementation_cmake/cmake)
[0.926s] -- Found rmw_fastrtps_cpp: 6.2.6 (/opt/ros/humble/share/rmw_fastrtps_cpp/cmake)
[1.061s] -- Found OpenSSL: /usr/lib/x86_64-linux-gnu/libcrypto.so (found version "3.0.2")  
[1.092s] -- Found FastRTPS: /opt/ros/humble/include  
[1.152s] -- Using RMW implementation 'rmw_fastrtps_cpp' as default
[1.167s] -- Looking for pthread.h
[1.257s] -- Looking for pthread.h - found
[1.258s] -- Performing Test CMAKE_HAVE_LIBC_PTHREAD
[1.358s] -- Performing Test CMAKE_HAVE_LIBC_PTHREAD - Success
[1.359s] -- Found Threads: TRUE  
[1.543s] -- Found sensor_msgs: 4.2.4 (/opt/ros/humble/share/sensor_msgs/cmake)
[1.686s] -- Found cv_bridge: 3.2.1 (/opt/ros/humble/share/cv_bridge/cmake)
[1.707s] -- Found OpenCV: /usr (found version "4.5.4") 
[1.792s] -- Configuring done
[1.806s] -- Generating done
[1.808s] -- Build files have been written to: /home/student/Desktop/Robotics_Studio_1/Robotics_Studio_1/Week 1 Lab/opencv_lab1/build/opencv_lab1
[1.821s] Invoked command in '/home/student/Desktop/Robotics_Studio_1/Robotics_Studio_1/Week 1 Lab/opencv_lab1/build/opencv_lab1' returned '0': CMAKE_PREFIX_PATH=${CMAKE_PREFIX_PATH}:/home/student/ros2_ws/install/turtlebot3_teleop:/home/student/ros2_ws/install/turtlebot3_example:/opt/ros/humble /usr/bin/cmake /home/student/Desktop/Robotics_Studio_1/Robotics_Studio_1/Week 1 Lab/opencv_lab1 -DCMAKE_INSTALL_PREFIX=/home/student/Desktop/Robotics_Studio_1/Robotics_Studio_1/Week 1 Lab/opencv_lab1/install/opencv_lab1
[1.823s] Invoking command in '/home/student/Desktop/Robotics_Studio_1/Robotics_Studio_1/Week 1 Lab/opencv_lab1/build/opencv_lab1': CMAKE_PREFIX_PATH=${CMAKE_PREFIX_PATH}:/home/student/ros2_ws/install/turtlebot3_teleop:/home/student/ros2_ws/install/turtlebot3_example:/opt/ros/humble /usr/bin/cmake --build /home/student/Desktop/Robotics_Studio_1/Robotics_Studio_1/Week 1 Lab/opencv_lab1/build/opencv_lab1 -- -j8 -l8
[1.895s] [ 50%] [32mBuilding CXX object CMakeFiles/image_subscriber.dir/src/image_subscriber.cpp.o[0m
[12.187s] [100%] [32m[1mLinking CXX executable image_subscriber[0m
[12.975s] [100%] Built target image_subscriber
[12.995s] Invoked command in '/home/student/Desktop/Robotics_Studio_1/Robotics_Studio_1/Week 1 Lab/opencv_lab1/build/opencv_lab1' returned '0': CMAKE_PREFIX_PATH=${CMAKE_PREFIX_PATH}:/home/student/ros2_ws/install/turtlebot3_teleop:/home/student/ros2_ws/install/turtlebot3_example:/opt/ros/humble /usr/bin/cmake --build /home/student/Desktop/Robotics_Studio_1/Robotics_Studio_1/Week 1 Lab/opencv_lab1/build/opencv_lab1 -- -j8 -l8
[13.044s] Invoking command in '/home/student/Desktop/Robotics_Studio_1/Robotics_Studio_1/Week 1 Lab/opencv_lab1/build/opencv_lab1': CMAKE_PREFIX_PATH=${CMAKE_PREFIX_PATH}:/home/student/ros2_ws/install/turtlebot3_teleop:/home/student/ros2_ws/install/turtlebot3_example:/opt/ros/humble /usr/bin/cmake --install /home/student/Desktop/Robotics_Studio_1/Robotics_Studio_1/Week 1 Lab/opencv_lab1/build/opencv_lab1
[13.053s] -- Install configuration: ""
[13.054s] -- Installing: /home/student/Desktop/Robotics_Studio_1/Robotics_Studio_1/Week 1 Lab/opencv_lab1/install/opencv_lab1/lib/opencv_lab1/image_subscriber
[13.060s] -- Set runtime path of "/home/student/Desktop/Robotics_Studio_1/Robotics_Studio_1/Week 1 Lab/opencv_lab1/install/opencv_lab1/lib/opencv_lab1/image_subscriber" to ""
[13.060s] -- Installing: /home/student/Desktop/Robotics_Studio_1/Robotics_Studio_1/Week 1 Lab/opencv_lab1/install/opencv_lab1/share/ament_index/resource_index/package_run_dependencies/opencv_lab1
[13.060s] -- Installing: /home/student/Desktop/Robotics_Studio_1/Robotics_Studio_1/Week 1 Lab/opencv_lab1/install/opencv_lab1/share/ament_index/resource_index/parent_prefix_path/opencv_lab1
[13.060s] -- Installing: /home/student/Desktop/Robotics_Studio_1/Robotics_Studio_1/Week 1 Lab/opencv_lab1/install/opencv_lab1/share/opencv_lab1/environment/ament_prefix_path.sh
[13.061s] -- Installing: /home/student/Desktop/Robotics_Studio_1/Robotics_Studio_1/Week 1 Lab/opencv_lab1/install/opencv_lab1/share/opencv_lab1/environment/ament_prefix_path.dsv
[13.061s] -- Installing: /home/student/Desktop/Robotics_Studio_1/Robotics_Studio_1/Week 1 Lab/opencv_lab1/install/opencv_lab1/share/opencv_lab1/environment/path.sh
[13.061s] -- Installing: /home/student/Desktop/Robotics_Studio_1/Robotics_Studio_1/Week 1 Lab/opencv_lab1/install/opencv_lab1/share/opencv_lab1/environment/path.dsv
[13.061s] -- Installing: /home/student/Desktop/Robotics_Studio_1/Robotics_Studio_1/Week 1 Lab/opencv_lab1/install/opencv_lab1/share/opencv_lab1/local_setup.bash
[13.061s] -- Installing: /home/student/Desktop/Robotics_Studio_1/Robotics_Studio_1/Week 1 Lab/opencv_lab1/install/opencv_lab1/share/opencv_lab1/local_setup.sh
[13.061s] -- Installing: /home/student/Desktop/Robotics_Studio_1/Robotics_Studio_1/Week 1 Lab/opencv_lab1/install/opencv_lab1/share/opencv_lab1/local_setup.zsh
[13.061s] -- Installing: /home/student/Desktop/Robotics_Studio_1/Robotics_Studio_1/Week 1 Lab/opencv_lab1/install/opencv_lab1/share/opencv_lab1/local_setup.dsv
[13.062s] -- Installing: /home/student/Desktop/Robotics_Studio_1/Robotics_Studio_1/Week 1 Lab/opencv_lab1/install/opencv_lab1/share/opencv_lab1/package.dsv
[13.062s] -- Installing: /home/student/Desktop/Robotics_Studio_1/Robotics_Studio_1/Week 1 Lab/opencv_lab1/install/opencv_lab1/share/ament_index/resource_index/packages/opencv_lab1
[13.062s] -- Installing: /home/student/Desktop/Robotics_Studio_1/Robotics_Studio_1/Week 1 Lab/opencv_lab1/install/opencv_lab1/share/opencv_lab1/cmake/opencv_lab1Config.cmake
[13.062s] -- Installing: /home/student/Desktop/Robotics_Studio_1/Robotics_Studio_1/Week 1 Lab/opencv_lab1/install/opencv_lab1/share/opencv_lab1/cmake/opencv_lab1Config-version.cmake
[13.062s] -- Installing: /home/student/Desktop/Robotics_Studio_1/Robotics_Studio_1/Week 1 Lab/opencv_lab1/install/opencv_lab1/share/opencv_lab1/package.xml
[13.064s] Invoked command in '/home/student/Desktop/Robotics_Studio_1/Robotics_Studio_1/Week 1 Lab/opencv_lab1/build/opencv_lab1' returned '0': CMAKE_PREFIX_PATH=${CMAKE_PREFIX_PATH}:/home/student/ros2_ws/install/turtlebot3_teleop:/home/student/ros2_ws/install/turtlebot3_example:/opt/ros/humble /usr/bin/cmake --install /home/student/Desktop/Robotics_Studio_1/Robotics_Studio_1/Week 1 Lab/opencv_lab1/build/opencv_lab1
