-- Found ament_cmake: 1.3.9 (/opt/ros/humble/share/ament_cmake/cmake)
-- Found rclcpp: 16.0.9 (/opt/ros/humble/share/rclcpp/cmake)
-- Found rosidl_generator_c: 3.1.5 (/opt/ros/humble/share/rosidl_generator_c/cmake)
-- Found rosidl_adapter: 3.1.5 (/opt/ros/humble/share/rosidl_adapter/cmake)
-- Found rosidl_generator_cpp: 3.1.5 (/opt/ros/humble/share/rosidl_generator_cpp/cmake)
-- Using all available rosidl_typesupport_c: rosidl_typesupport_fastrtps_c;rosidl_typesupport_introspection_c
-- Using all available rosidl_typesupport_cpp: rosidl_typesupport_fastrtps_cpp;rosidl_typesupport_introspection_cpp
-- Found rmw_implementation_cmake: 6.1.2 (/opt/ros/humble/share/rmw_implementation_cmake/cmake)
-- Found rmw_fastrtps_cpp: 6.2.6 (/opt/ros/humble/share/rmw_fastrtps_cpp/cmake)
-- Using RMW implementation 'rmw_fastrtps_cpp' as default
-- Found sensor_msgs: 4.2.4 (/opt/ros/humble/share/sensor_msgs/cmake)
-- Configuring done
-- Generating done
-- Build files have been written to: /home/student/Desktop/Robotics_Studio_1/Robotics_Studio_1/build/laser_scan_subpub
[35m[1mConsolidate compiler generated dependencies of target laser_scan_subpub[0m
[ 50%] [32mBuilding CXX object CMakeFiles/laser_scan_subpub.dir/src/laser_scan_subpub.cpp.o[0m
[100%] [32m[1mLinking CXX executable laser_scan_subpub[0m
[100%] Built target laser_scan_subpub
-- Install configuration: ""
-- Installing: /home/student/Desktop/Robotics_Studio_1/Robotics_Studio_1/install/laser_scan_subpub/lib/laser_scan_subpub/laser_scan_subpub
-- Set runtime path of "/home/student/Desktop/Robotics_Studio_1/Robotics_Studio_1/install/laser_scan_subpub/lib/laser_scan_subpub/laser_scan_subpub" to ""
-- Up-to-date: /home/student/Desktop/Robotics_Studio_1/Robotics_Studio_1/install/laser_scan_subpub/share/ament_index/resource_index/package_run_dependencies/laser_scan_subpub
-- Installing: /home/student/Desktop/Robotics_Studio_1/Robotics_Studio_1/install/laser_scan_subpub/share/ament_index/resource_index/parent_prefix_path/laser_scan_subpub
-- Up-to-date: /home/student/Desktop/Robotics_Studio_1/Robotics_Studio_1/install/laser_scan_subpub/share/laser_scan_subpub/environment/ament_prefix_path.sh
-- Installing: /home/student/Desktop/Robotics_Studio_1/Robotics_Studio_1/install/laser_scan_subpub/share/laser_scan_subpub/environment/ament_prefix_path.dsv
-- Up-to-date: /home/student/Desktop/Robotics_Studio_1/Robotics_Studio_1/install/laser_scan_subpub/share/laser_scan_subpub/environment/path.sh
-- Installing: /home/student/Desktop/Robotics_Studio_1/Robotics_Studio_1/install/laser_scan_subpub/share/laser_scan_subpub/environment/path.dsv
-- Up-to-date: /home/student/Desktop/Robotics_Studio_1/Robotics_Studio_1/install/laser_scan_subpub/share/laser_scan_subpub/local_setup.bash
-- Up-to-date: /home/student/Desktop/Robotics_Studio_1/Robotics_Studio_1/install/laser_scan_subpub/share/laser_scan_subpub/local_setup.sh
-- Up-to-date: /home/student/Desktop/Robotics_Studio_1/Robotics_Studio_1/install/laser_scan_subpub/share/laser_scan_subpub/local_setup.zsh
-- Installing: /home/student/Desktop/Robotics_Studio_1/Robotics_Studio_1/install/laser_scan_subpub/share/laser_scan_subpub/local_setup.dsv
-- Installing: /home/student/Desktop/Robotics_Studio_1/Robotics_Studio_1/install/laser_scan_subpub/share/laser_scan_subpub/package.dsv
-- Up-to-date: /home/student/Desktop/Robotics_Studio_1/Robotics_Studio_1/install/laser_scan_subpub/share/ament_index/resource_index/packages/laser_scan_subpub
-- Installing: /home/student/Desktop/Robotics_Studio_1/Robotics_Studio_1/install/laser_scan_subpub/share/laser_scan_subpub/cmake/laser_scan_subpubConfig.cmake
-- Installing: /home/student/Desktop/Robotics_Studio_1/Robotics_Studio_1/install/laser_scan_subpub/share/laser_scan_subpub/cmake/laser_scan_subpubConfig-version.cmake
-- Installing: /home/student/Desktop/Robotics_Studio_1/Robotics_Studio_1/install/laser_scan_subpub/share/laser_scan_subpub/package.xml
