[0.016s] Invoking command in '/home/student/Desktop/Robotics_Studio_1/Robotics_Studio_1/build/laser_scan_subpub': CMAKE_PREFIX_PATH=${CMAKE_PREFIX_PATH}:/home/student/ros2_ws/install/turtlebot3_teleop:/home/student/ros2_ws/install/turtlebot3_example:/opt/ros/humble /usr/bin/cmake --build /home/student/Desktop/Robotics_Studio_1/Robotics_Studio_1/build/laser_scan_subpub -- -j8 -l8
[0.048s] -- Found ament_cmake: 1.3.9 (/opt/ros/humble/share/ament_cmake/cmake)
[0.201s] -- Found rclcpp: 16.0.9 (/opt/ros/humble/share/rclcpp/cmake)
[0.234s] -- Found rosidl_generator_c: 3.1.5 (/opt/ros/humble/share/rosidl_generator_c/cmake)
[0.236s] -- Found rosidl_adapter: 3.1.5 (/opt/ros/humble/share/rosidl_adapter/cmake)
[0.242s] -- Found rosidl_generator_cpp: 3.1.5 (/opt/ros/humble/share/rosidl_generator_cpp/cmake)
[0.254s] -- Using all available rosidl_typesupport_c: rosidl_typesupport_fastrtps_c;rosidl_typesupport_introspection_c
[0.271s] -- Using all available rosidl_typesupport_cpp: rosidl_typesupport_fastrtps_cpp;rosidl_typesupport_introspection_cpp
[0.334s] -- Found rmw_implementation_cmake: 6.1.2 (/opt/ros/humble/share/rmw_implementation_cmake/cmake)
[0.336s] -- Found rmw_fastrtps_cpp: 6.2.6 (/opt/ros/humble/share/rmw_fastrtps_cpp/cmake)
[0.477s] -- Using RMW implementation 'rmw_fastrtps_cpp' as default
[0.649s] -- Found sensor_msgs: 4.2.4 (/opt/ros/humble/share/sensor_msgs/cmake)
[0.868s] -- Configuring done
[0.878s] -- Generating done
[0.880s] -- Build files have been written to: /home/student/Desktop/Robotics_Studio_1/Robotics_Studio_1/build/laser_scan_subpub
[0.917s] [35m[1mConsolidate compiler generated dependencies of target laser_scan_subpub[0m
[0.952s] [ 50%] [32mBuilding CXX object CMakeFiles/laser_scan_subpub.dir/src/laser_scan_subpub.cpp.o[0m
[10.207s] [100%] [32m[1mLinking CXX executable laser_scan_subpub[0m
[10.661s] [100%] Built target laser_scan_subpub
[10.676s] Invoked command in '/home/student/Desktop/Robotics_Studio_1/Robotics_Studio_1/build/laser_scan_subpub' returned '0': CMAKE_PREFIX_PATH=${CMAKE_PREFIX_PATH}:/home/student/ros2_ws/install/turtlebot3_teleop:/home/student/ros2_ws/install/turtlebot3_example:/opt/ros/humble /usr/bin/cmake --build /home/student/Desktop/Robotics_Studio_1/Robotics_Studio_1/build/laser_scan_subpub -- -j8 -l8
[10.728s] Invoking command in '/home/student/Desktop/Robotics_Studio_1/Robotics_Studio_1/build/laser_scan_subpub': CMAKE_PREFIX_PATH=${CMAKE_PREFIX_PATH}:/home/student/ros2_ws/install/turtlebot3_teleop:/home/student/ros2_ws/install/turtlebot3_example:/opt/ros/humble /usr/bin/cmake --install /home/student/Desktop/Robotics_Studio_1/Robotics_Studio_1/build/laser_scan_subpub
[10.738s] -- Install configuration: ""
[10.738s] -- Installing: /home/student/Desktop/Robotics_Studio_1/Robotics_Studio_1/install/laser_scan_subpub/lib/laser_scan_subpub/laser_scan_subpub
[10.745s] -- Set runtime path of "/home/student/Desktop/Robotics_Studio_1/Robotics_Studio_1/install/laser_scan_subpub/lib/laser_scan_subpub/laser_scan_subpub" to ""
[10.745s] -- Up-to-date: /home/student/Desktop/Robotics_Studio_1/Robotics_Studio_1/install/laser_scan_subpub/share/ament_index/resource_index/package_run_dependencies/laser_scan_subpub
[10.745s] -- Installing: /home/student/Desktop/Robotics_Studio_1/Robotics_Studio_1/install/laser_scan_subpub/share/ament_index/resource_index/parent_prefix_path/laser_scan_subpub
[10.745s] -- Up-to-date: /home/student/Desktop/Robotics_Studio_1/Robotics_Studio_1/install/laser_scan_subpub/share/laser_scan_subpub/environment/ament_prefix_path.sh
[10.746s] -- Installing: /home/student/Desktop/Robotics_Studio_1/Robotics_Studio_1/install/laser_scan_subpub/share/laser_scan_subpub/environment/ament_prefix_path.dsv
[10.746s] -- Up-to-date: /home/student/Desktop/Robotics_Studio_1/Robotics_Studio_1/install/laser_scan_subpub/share/laser_scan_subpub/environment/path.sh
[10.746s] -- Installing: /home/student/Desktop/Robotics_Studio_1/Robotics_Studio_1/install/laser_scan_subpub/share/laser_scan_subpub/environment/path.dsv
[10.746s] -- Up-to-date: /home/student/Desktop/Robotics_Studio_1/Robotics_Studio_1/install/laser_scan_subpub/share/laser_scan_subpub/local_setup.bash
[10.746s] -- Up-to-date: /home/student/Desktop/Robotics_Studio_1/Robotics_Studio_1/install/laser_scan_subpub/share/laser_scan_subpub/local_setup.sh
[10.746s] -- Up-to-date: /home/student/Desktop/Robotics_Studio_1/Robotics_Studio_1/install/laser_scan_subpub/share/laser_scan_subpub/local_setup.zsh
[10.746s] -- Installing: /home/student/Desktop/Robotics_Studio_1/Robotics_Studio_1/install/laser_scan_subpub/share/laser_scan_subpub/local_setup.dsv
[10.746s] -- Installing: /home/student/Desktop/Robotics_Studio_1/Robotics_Studio_1/install/laser_scan_subpub/share/laser_scan_subpub/package.dsv
[10.747s] -- Up-to-date: /home/student/Desktop/Robotics_Studio_1/Robotics_Studio_1/install/laser_scan_subpub/share/ament_index/resource_index/packages/laser_scan_subpub
[10.747s] -- Installing: /home/student/Desktop/Robotics_Studio_1/Robotics_Studio_1/install/laser_scan_subpub/share/laser_scan_subpub/cmake/laser_scan_subpubConfig.cmake
[10.747s] -- Installing: /home/student/Desktop/Robotics_Studio_1/Robotics_Studio_1/install/laser_scan_subpub/share/laser_scan_subpub/cmake/laser_scan_subpubConfig-version.cmake
[10.747s] -- Installing: /home/student/Desktop/Robotics_Studio_1/Robotics_Studio_1/install/laser_scan_subpub/share/laser_scan_subpub/package.xml
[10.751s] Invoked command in '/home/student/Desktop/Robotics_Studio_1/Robotics_Studio_1/build/laser_scan_subpub' returned '0': CMAKE_PREFIX_PATH=${CMAKE_PREFIX_PATH}:/home/student/ros2_ws/install/turtlebot3_teleop:/home/student/ros2_ws/install/turtlebot3_example:/opt/ros/humble /usr/bin/cmake --install /home/student/Desktop/Robotics_Studio_1/Robotics_Studio_1/build/laser_scan_subpub
