[0.127s] DEBUG:colcon:Command line arguments: ['/usr/bin/colcon', 'build', '--packages-select', 'lab2_laser_subscribing']
[0.127s] DEBUG:colcon:Parsed command line arguments: Namespace(log_base=None, log_level=None, verb_name='build', build_base='build', install_base='install', merge_install=False, symlink_install=False, test_result_base=None, continue_on_error=False, executor='parallel', parallel_workers=8, event_handlers=None, ignore_user_meta=False, metas=['./colcon.meta'], base_paths=['.'], packages_ignore=None, packages_ignore_regex=None, paths=None, packages_up_to=None, packages_up_to_regex=None, packages_above=None, packages_above_and_dependencies=None, packages_above_depth=None, packages_select_by_dep=None, packages_skip_by_dep=None, packages_skip_up_to=None, packages_select_build_failed=False, packages_skip_build_finished=False, packages_select_test_failures=False, packages_skip_test_passed=False, packages_select=['lab2_laser_subscribing'], packages_skip=None, packages_select_regex=None, packages_skip_regex=None, packages_start=None, packages_end=None, allow_overriding=[], cmake_args=None, cmake_target=None, cmake_target_skip_unavailable=False, cmake_clean_cache=False, cmake_clean_first=False, cmake_force_configure=False, ament_cmake_args=None, catkin_cmake_args=None, catkin_skip_building_tests=False, mixin_files=None, mixin=None, verb_parser=<colcon_mixin.mixin.mixin_argument.MixinArgumentDecorator object at 0x741ab1f78100>, verb_extension=<colcon_core.verb.build.BuildVerb object at 0x741ab1f4b6a0>, main=<bound method BuildVerb.main of <colcon_core.verb.build.BuildVerb object at 0x741ab1f4b6a0>>, mixin_verb=('build',))
[0.334s] Level 1:colcon.colcon_core.package_discovery:discover_packages(colcon_meta) check parameters
[0.334s] Level 1:colcon.colcon_core.package_discovery:discover_packages(recursive) check parameters
[0.334s] Level 1:colcon.colcon_core.package_discovery:discover_packages(ignore) check parameters
[0.334s] Level 1:colcon.colcon_core.package_discovery:discover_packages(path) check parameters
[0.334s] Level 1:colcon.colcon_core.package_discovery:discover_packages(colcon_meta) discover
[0.334s] Level 1:colcon.colcon_core.package_discovery:discover_packages(recursive) discover
[0.334s] INFO:colcon.colcon_core.package_discovery:Crawling recursively for packages in '/home/student/Desktop/Robotics_Studio_1/Robotics_Studio_1'
[0.334s] Level 1:colcon.colcon_core.package_identification:_identify(.) by extensions ['ignore', 'ignore_ament_install']
[0.334s] Level 1:colcon.colcon_core.package_identification:_identify(.) by extension 'ignore'
[0.334s] Level 1:colcon.colcon_core.package_identification:_identify(.) by extension 'ignore_ament_install'
[0.334s] Level 1:colcon.colcon_core.package_identification:_identify(.) by extensions ['colcon_pkg']
[0.334s] Level 1:colcon.colcon_core.package_identification:_identify(.) by extension 'colcon_pkg'
[0.334s] Level 1:colcon.colcon_core.package_identification:_identify(.) by extensions ['colcon_meta']
[0.334s] Level 1:colcon.colcon_core.package_identification:_identify(.) by extension 'colcon_meta'
[0.334s] Level 1:colcon.colcon_core.package_identification:_identify(.) by extensions ['ros']
[0.335s] Level 1:colcon.colcon_core.package_identification:_identify(.) by extension 'ros'
[0.347s] Level 1:colcon.colcon_core.package_identification:_identify(.) by extensions ['cmake', 'python']
[0.347s] Level 1:colcon.colcon_core.package_identification:_identify(.) by extension 'cmake'
[0.347s] Level 1:colcon.colcon_core.package_identification:_identify(.) by extension 'python'
[0.347s] Level 1:colcon.colcon_core.package_identification:_identify(.) by extensions ['python_setup_py']
[0.347s] Level 1:colcon.colcon_core.package_identification:_identify(.) by extension 'python_setup_py'
[0.347s] Level 1:colcon.colcon_core.package_identification:_identify(build) by extensions ['ignore', 'ignore_ament_install']
[0.347s] Level 1:colcon.colcon_core.package_identification:_identify(build) by extension 'ignore'
[0.347s] Level 1:colcon.colcon_core.package_identification:_identify(build) ignored
[0.348s] Level 1:colcon.colcon_core.package_identification:_identify(install) by extensions ['ignore', 'ignore_ament_install']
[0.348s] Level 1:colcon.colcon_core.package_identification:_identify(install) by extension 'ignore'
[0.348s] Level 1:colcon.colcon_core.package_identification:_identify(install) ignored
[0.348s] Level 1:colcon.colcon_core.package_identification:_identify(log) by extensions ['ignore', 'ignore_ament_install']
[0.348s] Level 1:colcon.colcon_core.package_identification:_identify(log) by extension 'ignore'
[0.348s] Level 1:colcon.colcon_core.package_identification:_identify(log) ignored
[0.348s] Level 1:colcon.colcon_core.package_identification:_identify(src) by extensions ['ignore', 'ignore_ament_install']
[0.348s] Level 1:colcon.colcon_core.package_identification:_identify(src) by extension 'ignore'
[0.348s] Level 1:colcon.colcon_core.package_identification:_identify(src) by extension 'ignore_ament_install'
[0.349s] Level 1:colcon.colcon_core.package_identification:_identify(src) by extensions ['colcon_pkg']
[0.349s] Level 1:colcon.colcon_core.package_identification:_identify(src) by extension 'colcon_pkg'
[0.349s] Level 1:colcon.colcon_core.package_identification:_identify(src) by extensions ['colcon_meta']
[0.349s] Level 1:colcon.colcon_core.package_identification:_identify(src) by extension 'colcon_meta'
[0.349s] Level 1:colcon.colcon_core.package_identification:_identify(src) by extensions ['ros']
[0.349s] Level 1:colcon.colcon_core.package_identification:_identify(src) by extension 'ros'
[0.349s] Level 1:colcon.colcon_core.package_identification:_identify(src) by extensions ['cmake', 'python']
[0.349s] Level 1:colcon.colcon_core.package_identification:_identify(src) by extension 'cmake'
[0.349s] Level 1:colcon.colcon_core.package_identification:_identify(src) by extension 'python'
[0.349s] Level 1:colcon.colcon_core.package_identification:_identify(src) by extensions ['python_setup_py']
[0.349s] Level 1:colcon.colcon_core.package_identification:_identify(src) by extension 'python_setup_py'
[0.349s] Level 1:colcon.colcon_core.package_identification:_identify(src/lab1_image_subscribing) by extensions ['ignore', 'ignore_ament_install']
[0.349s] Level 1:colcon.colcon_core.package_identification:_identify(src/lab1_image_subscribing) by extension 'ignore'
[0.349s] Level 1:colcon.colcon_core.package_identification:_identify(src/lab1_image_subscribing) by extension 'ignore_ament_install'
[0.349s] Level 1:colcon.colcon_core.package_identification:_identify(src/lab1_image_subscribing) by extensions ['colcon_pkg']
[0.349s] Level 1:colcon.colcon_core.package_identification:_identify(src/lab1_image_subscribing) by extension 'colcon_pkg'
[0.349s] Level 1:colcon.colcon_core.package_identification:_identify(src/lab1_image_subscribing) by extensions ['colcon_meta']
[0.349s] Level 1:colcon.colcon_core.package_identification:_identify(src/lab1_image_subscribing) by extension 'colcon_meta'
[0.349s] Level 1:colcon.colcon_core.package_identification:_identify(src/lab1_image_subscribing) by extensions ['ros']
[0.349s] Level 1:colcon.colcon_core.package_identification:_identify(src/lab1_image_subscribing) by extension 'ros'
[0.352s] DEBUG:colcon.colcon_core.package_identification:Package 'src/lab1_image_subscribing' with type 'ros.ament_cmake' and name 'lab1_image_subscribing'
[0.352s] Level 1:colcon.colcon_core.package_identification:_identify(src/lab2_laser_subscribing) by extensions ['ignore', 'ignore_ament_install']
[0.352s] Level 1:colcon.colcon_core.package_identification:_identify(src/lab2_laser_subscribing) by extension 'ignore'
[0.352s] Level 1:colcon.colcon_core.package_identification:_identify(src/lab2_laser_subscribing) by extension 'ignore_ament_install'
[0.352s] Level 1:colcon.colcon_core.package_identification:_identify(src/lab2_laser_subscribing) by extensions ['colcon_pkg']
[0.353s] Level 1:colcon.colcon_core.package_identification:_identify(src/lab2_laser_subscribing) by extension 'colcon_pkg'
[0.353s] Level 1:colcon.colcon_core.package_identification:_identify(src/lab2_laser_subscribing) by extensions ['colcon_meta']
[0.353s] Level 1:colcon.colcon_core.package_identification:_identify(src/lab2_laser_subscribing) by extension 'colcon_meta'
[0.353s] Level 1:colcon.colcon_core.package_identification:_identify(src/lab2_laser_subscribing) by extensions ['ros']
[0.353s] Level 1:colcon.colcon_core.package_identification:_identify(src/lab2_laser_subscribing) by extension 'ros'
[0.353s] DEBUG:colcon.colcon_core.package_identification:Package 'src/lab2_laser_subscribing' with type 'ros.ament_cmake' and name 'lab2_laser_subscribing'
[0.354s] Level 1:colcon.colcon_core.package_identification:_identify(src/my_worlds_pkg) by extensions ['ignore', 'ignore_ament_install']
[0.354s] Level 1:colcon.colcon_core.package_identification:_identify(src/my_worlds_pkg) by extension 'ignore'
[0.354s] Level 1:colcon.colcon_core.package_identification:_identify(src/my_worlds_pkg) by extension 'ignore_ament_install'
[0.354s] Level 1:colcon.colcon_core.package_identification:_identify(src/my_worlds_pkg) by extensions ['colcon_pkg']
[0.354s] Level 1:colcon.colcon_core.package_identification:_identify(src/my_worlds_pkg) by extension 'colcon_pkg'
[0.354s] Level 1:colcon.colcon_core.package_identification:_identify(src/my_worlds_pkg) by extensions ['colcon_meta']
[0.354s] Level 1:colcon.colcon_core.package_identification:_identify(src/my_worlds_pkg) by extension 'colcon_meta'
[0.354s] Level 1:colcon.colcon_core.package_identification:_identify(src/my_worlds_pkg) by extensions ['ros']
[0.354s] Level 1:colcon.colcon_core.package_identification:_identify(src/my_worlds_pkg) by extension 'ros'
[0.355s] DEBUG:colcon.colcon_core.package_identification:Package 'src/my_worlds_pkg' with type 'ros.ament_cmake' and name 'my_worlds_pkg'
[0.355s] Level 1:colcon.colcon_core.package_discovery:discover_packages(recursive) using defaults
[0.355s] Level 1:colcon.colcon_core.package_discovery:discover_packages(ignore) discover
[0.355s] Level 1:colcon.colcon_core.package_discovery:discover_packages(ignore) using defaults
[0.355s] Level 1:colcon.colcon_core.package_discovery:discover_packages(path) discover
[0.355s] Level 1:colcon.colcon_core.package_discovery:discover_packages(path) using defaults
[0.391s] INFO:colcon.colcon_core.package_selection:Skipping not selected package 'lab1_image_subscribing' in 'src/lab1_image_subscribing'
[0.391s] INFO:colcon.colcon_core.package_selection:Skipping not selected package 'my_worlds_pkg' in 'src/my_worlds_pkg'
[0.391s] Level 1:colcon.colcon_core.package_discovery:discover_packages(prefix_path) check parameters
[0.392s] Level 1:colcon.colcon_core.package_discovery:discover_packages(prefix_path) discover
[0.394s] DEBUG:colcon.colcon_installed_package_information.package_discovery:Found 2 installed packages in /home/student/Desktop/Robotics_Studio_1/install
[0.395s] DEBUG:colcon.colcon_installed_package_information.package_discovery:Found 16 installed packages in /home/student/ros2_ws/install
[0.397s] DEBUG:colcon.colcon_installed_package_information.package_discovery:Found 386 installed packages in /opt/ros/humble
[0.399s] Level 1:colcon.colcon_core.package_discovery:discover_packages(prefix_path) using defaults
[0.457s] Level 5:colcon.colcon_core.verb:set package 'lab2_laser_subscribing' build argument 'cmake_args' from command line to 'None'
[0.457s] Level 5:colcon.colcon_core.verb:set package 'lab2_laser_subscribing' build argument 'cmake_target' from command line to 'None'
[0.457s] Level 5:colcon.colcon_core.verb:set package 'lab2_laser_subscribing' build argument 'cmake_target_skip_unavailable' from command line to 'False'
[0.457s] Level 5:colcon.colcon_core.verb:set package 'lab2_laser_subscribing' build argument 'cmake_clean_cache' from command line to 'False'
[0.457s] Level 5:colcon.colcon_core.verb:set package 'lab2_laser_subscribing' build argument 'cmake_clean_first' from command line to 'False'
[0.458s] Level 5:colcon.colcon_core.verb:set package 'lab2_laser_subscribing' build argument 'cmake_force_configure' from command line to 'False'
[0.458s] Level 5:colcon.colcon_core.verb:set package 'lab2_laser_subscribing' build argument 'ament_cmake_args' from command line to 'None'
[0.458s] Level 5:colcon.colcon_core.verb:set package 'lab2_laser_subscribing' build argument 'catkin_cmake_args' from command line to 'None'
[0.458s] Level 5:colcon.colcon_core.verb:set package 'lab2_laser_subscribing' build argument 'catkin_skip_building_tests' from command line to 'False'
[0.458s] DEBUG:colcon.colcon_core.verb:Building package 'lab2_laser_subscribing' with the following arguments: {'ament_cmake_args': None, 'build_base': '/home/student/Desktop/Robotics_Studio_1/Robotics_Studio_1/build/lab2_laser_subscribing', 'catkin_cmake_args': None, 'catkin_skip_building_tests': False, 'cmake_args': None, 'cmake_clean_cache': False, 'cmake_clean_first': False, 'cmake_force_configure': False, 'cmake_target': None, 'cmake_target_skip_unavailable': False, 'install_base': '/home/student/Desktop/Robotics_Studio_1/Robotics_Studio_1/install/lab2_laser_subscribing', 'merge_install': False, 'path': '/home/student/Desktop/Robotics_Studio_1/Robotics_Studio_1/src/lab2_laser_subscribing', 'symlink_install': False, 'test_result_base': None}
[0.458s] INFO:colcon.colcon_core.executor:Executing jobs using 'parallel' executor
[0.459s] DEBUG:colcon.colcon_parallel_executor.executor.parallel:run_until_complete
[0.460s] INFO:colcon.colcon_ros.task.ament_cmake.build:Building ROS package in '/home/student/Desktop/Robotics_Studio_1/Robotics_Studio_1/src/lab2_laser_subscribing' with build type 'ament_cmake'
[0.460s] INFO:colcon.colcon_cmake.task.cmake.build:Building CMake package in '/home/student/Desktop/Robotics_Studio_1/Robotics_Studio_1/src/lab2_laser_subscribing'
[0.462s] INFO:colcon.colcon_core.plugin_system:Skipping extension 'colcon_core.shell.bat': Not used on non-Windows systems
[0.462s] INFO:colcon.colcon_core.shell:Skip shell extension 'powershell' for command environment: Not usable outside of PowerShell
[0.462s] DEBUG:colcon.colcon_core.shell:Skip shell extension 'dsv' for command environment
[0.485s] DEBUG:colcon.colcon_core.event_handler.log_command:Invoking command in '/home/student/Desktop/Robotics_Studio_1/Robotics_Studio_1/build/lab2_laser_subscribing': CMAKE_PREFIX_PATH=${CMAKE_PREFIX_PATH}:/home/student/ros2_ws/install/turtlebot3_teleop:/home/student/ros2_ws/install/turtlebot3_example:/opt/ros/humble /usr/bin/cmake --build /home/student/Desktop/Robotics_Studio_1/Robotics_Studio_1/build/lab2_laser_subscribing -- -j8 -l8
[0.684s] DEBUG:colcon.colcon_core.event_handler.log_command:Invoked command in '/home/student/Desktop/Robotics_Studio_1/Robotics_Studio_1/build/lab2_laser_subscribing' returned '0': CMAKE_PREFIX_PATH=${CMAKE_PREFIX_PATH}:/home/student/ros2_ws/install/turtlebot3_teleop:/home/student/ros2_ws/install/turtlebot3_example:/opt/ros/humble /usr/bin/cmake --build /home/student/Desktop/Robotics_Studio_1/Robotics_Studio_1/build/lab2_laser_subscribing -- -j8 -l8
[0.739s] DEBUG:colcon.colcon_core.event_handler.log_command:Invoking command in '/home/student/Desktop/Robotics_Studio_1/Robotics_Studio_1/build/lab2_laser_subscribing': CMAKE_PREFIX_PATH=${CMAKE_PREFIX_PATH}:/home/student/ros2_ws/install/turtlebot3_teleop:/home/student/ros2_ws/install/turtlebot3_example:/opt/ros/humble /usr/bin/cmake --install /home/student/Desktop/Robotics_Studio_1/Robotics_Studio_1/build/lab2_laser_subscribing
[0.778s] Level 1:colcon.colcon_core.environment:create_environment_scripts_only(lab2_laser_subscribing)
[0.779s] DEBUG:colcon.colcon_core.event_handler.log_command:Invoked command in '/home/student/Desktop/Robotics_Studio_1/Robotics_Studio_1/build/lab2_laser_subscribing' returned '0': CMAKE_PREFIX_PATH=${CMAKE_PREFIX_PATH}:/home/student/ros2_ws/install/turtlebot3_teleop:/home/student/ros2_ws/install/turtlebot3_example:/opt/ros/humble /usr/bin/cmake --install /home/student/Desktop/Robotics_Studio_1/Robotics_Studio_1/build/lab2_laser_subscribing
[0.782s] Level 1:colcon.colcon_core.environment:checking '/home/student/Desktop/Robotics_Studio_1/Robotics_Studio_1/install/lab2_laser_subscribing' for CMake module files
[0.782s] Level 1:colcon.colcon_core.environment:checking '/home/student/Desktop/Robotics_Studio_1/Robotics_Studio_1/install/lab2_laser_subscribing' for CMake config files
[0.783s] Level 1:colcon.colcon_core.shell:create_environment_hook('lab2_laser_subscribing', 'cmake_prefix_path')
[0.783s] INFO:colcon.colcon_core.shell:Creating environment hook '/home/student/Desktop/Robotics_Studio_1/Robotics_Studio_1/install/lab2_laser_subscribing/share/lab2_laser_subscribing/hook/cmake_prefix_path.ps1'
[0.784s] INFO:colcon.colcon_core.shell:Creating environment descriptor '/home/student/Desktop/Robotics_Studio_1/Robotics_Studio_1/install/lab2_laser_subscribing/share/lab2_laser_subscribing/hook/cmake_prefix_path.dsv'
[0.784s] INFO:colcon.colcon_core.shell:Creating environment hook '/home/student/Desktop/Robotics_Studio_1/Robotics_Studio_1/install/lab2_laser_subscribing/share/lab2_laser_subscribing/hook/cmake_prefix_path.sh'
[0.785s] Level 1:colcon.colcon_core.environment:checking '/home/student/Desktop/Robotics_Studio_1/Robotics_Studio_1/install/lab2_laser_subscribing/lib'
[0.785s] Level 1:colcon.colcon_core.environment:checking '/home/student/Desktop/Robotics_Studio_1/Robotics_Studio_1/install/lab2_laser_subscribing/bin'
[0.786s] Level 1:colcon.colcon_core.environment:checking '/home/student/Desktop/Robotics_Studio_1/Robotics_Studio_1/install/lab2_laser_subscribing/lib/pkgconfig/lab2_laser_subscribing.pc'
[0.786s] Level 1:colcon.colcon_core.environment:checking '/home/student/Desktop/Robotics_Studio_1/Robotics_Studio_1/install/lab2_laser_subscribing/lib/python3.10/site-packages'
[0.786s] Level 1:colcon.colcon_core.environment:checking '/home/student/Desktop/Robotics_Studio_1/Robotics_Studio_1/install/lab2_laser_subscribing/bin'
[0.786s] INFO:colcon.colcon_core.shell:Creating package script '/home/student/Desktop/Robotics_Studio_1/Robotics_Studio_1/install/lab2_laser_subscribing/share/lab2_laser_subscribing/package.ps1'
[0.787s] INFO:colcon.colcon_core.shell:Creating package descriptor '/home/student/Desktop/Robotics_Studio_1/Robotics_Studio_1/install/lab2_laser_subscribing/share/lab2_laser_subscribing/package.dsv'
[0.788s] INFO:colcon.colcon_core.shell:Creating package script '/home/student/Desktop/Robotics_Studio_1/Robotics_Studio_1/install/lab2_laser_subscribing/share/lab2_laser_subscribing/package.sh'
[0.789s] INFO:colcon.colcon_core.shell:Creating package script '/home/student/Desktop/Robotics_Studio_1/Robotics_Studio_1/install/lab2_laser_subscribing/share/lab2_laser_subscribing/package.bash'
[0.789s] INFO:colcon.colcon_core.shell:Creating package script '/home/student/Desktop/Robotics_Studio_1/Robotics_Studio_1/install/lab2_laser_subscribing/share/lab2_laser_subscribing/package.zsh'
[0.790s] Level 1:colcon.colcon_core.environment:create_file_with_runtime_dependencies(/home/student/Desktop/Robotics_Studio_1/Robotics_Studio_1/install/lab2_laser_subscribing/share/colcon-core/packages/lab2_laser_subscribing)
[0.836s] Level 1:colcon.colcon_core.environment:create_environment_scripts_only(lab2_laser_subscribing)
[0.836s] Level 1:colcon.colcon_core.environment:checking '/home/student/Desktop/Robotics_Studio_1/Robotics_Studio_1/install/lab2_laser_subscribing' for CMake module files
[0.837s] Level 1:colcon.colcon_core.environment:checking '/home/student/Desktop/Robotics_Studio_1/Robotics_Studio_1/install/lab2_laser_subscribing' for CMake config files
[0.837s] Level 1:colcon.colcon_core.shell:create_environment_hook('lab2_laser_subscribing', 'cmake_prefix_path')
[0.837s] INFO:colcon.colcon_core.shell:Creating environment hook '/home/student/Desktop/Robotics_Studio_1/Robotics_Studio_1/install/lab2_laser_subscribing/share/lab2_laser_subscribing/hook/cmake_prefix_path.ps1'
[0.838s] INFO:colcon.colcon_core.shell:Creating environment descriptor '/home/student/Desktop/Robotics_Studio_1/Robotics_Studio_1/install/lab2_laser_subscribing/share/lab2_laser_subscribing/hook/cmake_prefix_path.dsv'
[0.838s] INFO:colcon.colcon_core.shell:Creating environment hook '/home/student/Desktop/Robotics_Studio_1/Robotics_Studio_1/install/lab2_laser_subscribing/share/lab2_laser_subscribing/hook/cmake_prefix_path.sh'
[0.839s] Level 1:colcon.colcon_core.environment:checking '/home/student/Desktop/Robotics_Studio_1/Robotics_Studio_1/install/lab2_laser_subscribing/lib'
[0.839s] Level 1:colcon.colcon_core.environment:checking '/home/student/Desktop/Robotics_Studio_1/Robotics_Studio_1/install/lab2_laser_subscribing/bin'
[0.839s] Level 1:colcon.colcon_core.environment:checking '/home/student/Desktop/Robotics_Studio_1/Robotics_Studio_1/install/lab2_laser_subscribing/lib/pkgconfig/lab2_laser_subscribing.pc'
[0.839s] Level 1:colcon.colcon_core.environment:checking '/home/student/Desktop/Robotics_Studio_1/Robotics_Studio_1/install/lab2_laser_subscribing/lib/python3.10/site-packages'
[0.839s] Level 1:colcon.colcon_core.environment:checking '/home/student/Desktop/Robotics_Studio_1/Robotics_Studio_1/install/lab2_laser_subscribing/bin'
[0.840s] INFO:colcon.colcon_core.shell:Creating package script '/home/student/Desktop/Robotics_Studio_1/Robotics_Studio_1/install/lab2_laser_subscribing/share/lab2_laser_subscribing/package.ps1'
[0.840s] INFO:colcon.colcon_core.shell:Creating package descriptor '/home/student/Desktop/Robotics_Studio_1/Robotics_Studio_1/install/lab2_laser_subscribing/share/lab2_laser_subscribing/package.dsv'
[0.841s] INFO:colcon.colcon_core.shell:Creating package script '/home/student/Desktop/Robotics_Studio_1/Robotics_Studio_1/install/lab2_laser_subscribing/share/lab2_laser_subscribing/package.sh'
[0.841s] INFO:colcon.colcon_core.shell:Creating package script '/home/student/Desktop/Robotics_Studio_1/Robotics_Studio_1/install/lab2_laser_subscribing/share/lab2_laser_subscribing/package.bash'
[0.841s] INFO:colcon.colcon_core.shell:Creating package script '/home/student/Desktop/Robotics_Studio_1/Robotics_Studio_1/install/lab2_laser_subscribing/share/lab2_laser_subscribing/package.zsh'
[0.842s] Level 1:colcon.colcon_core.environment:create_file_with_runtime_dependencies(/home/student/Desktop/Robotics_Studio_1/Robotics_Studio_1/install/lab2_laser_subscribing/share/colcon-core/packages/lab2_laser_subscribing)
[0.842s] DEBUG:colcon.colcon_parallel_executor.executor.parallel:closing loop
[0.843s] DEBUG:colcon.colcon_parallel_executor.executor.parallel:loop closed
[0.843s] DEBUG:colcon.colcon_parallel_executor.executor.parallel:run_until_complete finished with '0'
[0.843s] DEBUG:colcon.colcon_core.event_reactor:joining thread
[0.849s] INFO:colcon.colcon_core.plugin_system:Skipping extension 'colcon_notification.desktop_notification.terminal_notifier': Not used on non-Darwin systems
[0.849s] INFO:colcon.colcon_core.plugin_system:Skipping extension 'colcon_notification.desktop_notification.win32': Not used on non-Windows systems
[0.849s] INFO:colcon.colcon_notification.desktop_notification:Sending desktop notification using 'notify2'
[0.863s] DEBUG:colcon.colcon_core.event_reactor:joined thread
[0.864s] INFO:colcon.colcon_core.shell:Creating prefix script '/home/student/Desktop/Robotics_Studio_1/Robotics_Studio_1/install/local_setup.ps1'
[0.865s] INFO:colcon.colcon_core.shell:Creating prefix util module '/home/student/Desktop/Robotics_Studio_1/Robotics_Studio_1/install/_local_setup_util_ps1.py'
[0.868s] INFO:colcon.colcon_core.shell:Creating prefix chain script '/home/student/Desktop/Robotics_Studio_1/Robotics_Studio_1/install/setup.ps1'
[0.872s] INFO:colcon.colcon_core.shell:Creating prefix script '/home/student/Desktop/Robotics_Studio_1/Robotics_Studio_1/install/local_setup.sh'
[0.873s] INFO:colcon.colcon_core.shell:Creating prefix util module '/home/student/Desktop/Robotics_Studio_1/Robotics_Studio_1/install/_local_setup_util_sh.py'
[0.874s] INFO:colcon.colcon_core.shell:Creating prefix chain script '/home/student/Desktop/Robotics_Studio_1/Robotics_Studio_1/install/setup.sh'
[0.877s] INFO:colcon.colcon_core.shell:Creating prefix script '/home/student/Desktop/Robotics_Studio_1/Robotics_Studio_1/install/local_setup.bash'
[0.877s] INFO:colcon.colcon_core.shell:Creating prefix chain script '/home/student/Desktop/Robotics_Studio_1/Robotics_Studio_1/install/setup.bash'
[0.880s] INFO:colcon.colcon_core.shell:Creating prefix script '/home/student/Desktop/Robotics_Studio_1/Robotics_Studio_1/install/local_setup.zsh'
[0.881s] INFO:colcon.colcon_core.shell:Creating prefix chain script '/home/student/Desktop/Robotics_Studio_1/Robotics_Studio_1/install/setup.zsh'
