[0.125s] DEBUG:colcon:Command line arguments: ['/usr/bin/colcon', 'build', '--packages-select', 'opencv_lab1']
[0.125s] DEBUG:colcon:Parsed command line arguments: Namespace(log_base=None, log_level=None, verb_name='build', build_base='build', install_base='install', merge_install=False, symlink_install=False, test_result_base=None, continue_on_error=False, executor='parallel', parallel_workers=8, event_handlers=None, ignore_user_meta=False, metas=['./colcon.meta'], base_paths=['.'], packages_ignore=None, packages_ignore_regex=None, paths=None, packages_up_to=None, packages_up_to_regex=None, packages_above=None, packages_above_and_dependencies=None, packages_above_depth=None, packages_select_by_dep=None, packages_skip_by_dep=None, packages_skip_up_to=None, packages_select_build_failed=False, packages_skip_build_finished=False, packages_select_test_failures=False, packages_skip_test_passed=False, packages_select=['opencv_lab1'], packages_skip=None, packages_select_regex=None, packages_skip_regex=None, packages_start=None, packages_end=None, allow_overriding=[], cmake_args=None, cmake_target=None, cmake_target_skip_unavailable=False, cmake_clean_cache=False, cmake_clean_first=False, cmake_force_configure=False, ament_cmake_args=None, catkin_cmake_args=None, catkin_skip_building_tests=False, mixin_files=None, mixin=None, verb_parser=<colcon_mixin.mixin.mixin_argument.MixinArgumentDecorator object at 0x7e705a42bf10>, verb_extension=<colcon_core.verb.build.BuildVerb object at 0x7e705a42b4f0>, main=<bound method BuildVerb.main of <colcon_core.verb.build.BuildVerb object at 0x7e705a42b4f0>>, mixin_verb=('build',))
[0.330s] Level 1:colcon.colcon_core.package_discovery:discover_packages(colcon_meta) check parameters
[0.330s] Level 1:colcon.colcon_core.package_discovery:discover_packages(recursive) check parameters
[0.330s] Level 1:colcon.colcon_core.package_discovery:discover_packages(ignore) check parameters
[0.330s] Level 1:colcon.colcon_core.package_discovery:discover_packages(path) check parameters
[0.330s] Level 1:colcon.colcon_core.package_discovery:discover_packages(colcon_meta) discover
[0.330s] Level 1:colcon.colcon_core.package_discovery:discover_packages(recursive) discover
[0.330s] INFO:colcon.colcon_core.package_discovery:Crawling recursively for packages in '/home/student/Desktop/Robotics_Studio_1/Robotics_Studio_1/Week 1 Lab/opencv_lab1'
[0.330s] Level 1:colcon.colcon_core.package_identification:_identify(.) by extensions ['ignore', 'ignore_ament_install']
[0.331s] Level 1:colcon.colcon_core.package_identification:_identify(.) by extension 'ignore'
[0.331s] Level 1:colcon.colcon_core.package_identification:_identify(.) by extension 'ignore_ament_install'
[0.331s] Level 1:colcon.colcon_core.package_identification:_identify(.) by extensions ['colcon_pkg']
[0.331s] Level 1:colcon.colcon_core.package_identification:_identify(.) by extension 'colcon_pkg'
[0.331s] Level 1:colcon.colcon_core.package_identification:_identify(.) by extensions ['colcon_meta']
[0.331s] Level 1:colcon.colcon_core.package_identification:_identify(.) by extension 'colcon_meta'
[0.331s] Level 1:colcon.colcon_core.package_identification:_identify(.) by extensions ['ros']
[0.331s] Level 1:colcon.colcon_core.package_identification:_identify(.) by extension 'ros'
[0.345s] DEBUG:colcon.colcon_core.package_identification:Package '.' with type 'ros.ament_cmake' and name 'opencv_lab1'
[0.345s] Level 1:colcon.colcon_core.package_discovery:discover_packages(recursive) using defaults
[0.346s] Level 1:colcon.colcon_core.package_discovery:discover_packages(ignore) discover
[0.346s] Level 1:colcon.colcon_core.package_discovery:discover_packages(ignore) using defaults
[0.346s] Level 1:colcon.colcon_core.package_discovery:discover_packages(path) discover
[0.346s] Level 1:colcon.colcon_core.package_discovery:discover_packages(path) using defaults
[0.381s] Level 1:colcon.colcon_core.package_discovery:discover_packages(prefix_path) check parameters
[0.381s] Level 1:colcon.colcon_core.package_discovery:discover_packages(prefix_path) discover
[0.382s] WARNING:colcon.colcon_core.prefix_path.colcon:The path '/home/student/Desktop/Robotics_Studio_1/Robotics_Studio_1/Week 1 Lab/openCVLab1/install' in the environment variable COLCON_PREFIX_PATH doesn't exist
[0.382s] WARNING:colcon.colcon_ros.prefix_path.ament:The path '/home/student/Desktop/Robotics_Studio_1/Robotics_Studio_1/Week 1 Lab/openCVLab1/install/opencv_lab1' in the environment variable AMENT_PREFIX_PATH doesn't exist
[0.383s] WARNING:colcon.colcon_ros.prefix_path.catkin:The path '/home/student/Desktop/Robotics_Studio_1/Robotics_Studio_1/Week 1 Lab/openCVLab1/install/opencv_lab1' in the environment variable CMAKE_PREFIX_PATH doesn't exist
[0.384s] DEBUG:colcon.colcon_installed_package_information.package_discovery:Found 16 installed packages in /home/student/ros2_ws/install
[0.386s] DEBUG:colcon.colcon_installed_package_information.package_discovery:Found 386 installed packages in /opt/ros/humble
[0.388s] Level 1:colcon.colcon_core.package_discovery:discover_packages(prefix_path) using defaults
[0.452s] Level 5:colcon.colcon_core.verb:set package 'opencv_lab1' build argument 'cmake_args' from command line to 'None'
[0.452s] Level 5:colcon.colcon_core.verb:set package 'opencv_lab1' build argument 'cmake_target' from command line to 'None'
[0.452s] Level 5:colcon.colcon_core.verb:set package 'opencv_lab1' build argument 'cmake_target_skip_unavailable' from command line to 'False'
[0.452s] Level 5:colcon.colcon_core.verb:set package 'opencv_lab1' build argument 'cmake_clean_cache' from command line to 'False'
[0.452s] Level 5:colcon.colcon_core.verb:set package 'opencv_lab1' build argument 'cmake_clean_first' from command line to 'False'
[0.452s] Level 5:colcon.colcon_core.verb:set package 'opencv_lab1' build argument 'cmake_force_configure' from command line to 'False'
[0.452s] Level 5:colcon.colcon_core.verb:set package 'opencv_lab1' build argument 'ament_cmake_args' from command line to 'None'
[0.452s] Level 5:colcon.colcon_core.verb:set package 'opencv_lab1' build argument 'catkin_cmake_args' from command line to 'None'
[0.452s] Level 5:colcon.colcon_core.verb:set package 'opencv_lab1' build argument 'catkin_skip_building_tests' from command line to 'False'
[0.452s] DEBUG:colcon.colcon_core.verb:Building package 'opencv_lab1' with the following arguments: {'ament_cmake_args': None, 'build_base': '/home/student/Desktop/Robotics_Studio_1/Robotics_Studio_1/Week 1 Lab/opencv_lab1/build/opencv_lab1', 'catkin_cmake_args': None, 'catkin_skip_building_tests': False, 'cmake_args': None, 'cmake_clean_cache': False, 'cmake_clean_first': False, 'cmake_force_configure': False, 'cmake_target': None, 'cmake_target_skip_unavailable': False, 'install_base': '/home/student/Desktop/Robotics_Studio_1/Robotics_Studio_1/Week 1 Lab/opencv_lab1/install/opencv_lab1', 'merge_install': False, 'path': '/home/student/Desktop/Robotics_Studio_1/Robotics_Studio_1/Week 1 Lab/opencv_lab1', 'symlink_install': False, 'test_result_base': None}
[0.453s] INFO:colcon.colcon_core.executor:Executing jobs using 'parallel' executor
[0.454s] DEBUG:colcon.colcon_parallel_executor.executor.parallel:run_until_complete
[0.454s] INFO:colcon.colcon_ros.task.ament_cmake.build:Building ROS package in '/home/student/Desktop/Robotics_Studio_1/Robotics_Studio_1/Week 1 Lab/opencv_lab1' with build type 'ament_cmake'
[0.454s] INFO:colcon.colcon_cmake.task.cmake.build:Building CMake package in '/home/student/Desktop/Robotics_Studio_1/Robotics_Studio_1/Week 1 Lab/opencv_lab1'
[0.457s] INFO:colcon.colcon_core.plugin_system:Skipping extension 'colcon_core.shell.bat': Not used on non-Windows systems
[0.457s] INFO:colcon.colcon_core.shell:Skip shell extension 'powershell' for command environment: Not usable outside of PowerShell
[0.457s] DEBUG:colcon.colcon_core.shell:Skip shell extension 'dsv' for command environment
[0.467s] DEBUG:colcon.colcon_core.event_handler.log_command:Invoking command in '/home/student/Desktop/Robotics_Studio_1/Robotics_Studio_1/Week 1 Lab/opencv_lab1/build/opencv_lab1': CMAKE_PREFIX_PATH=${CMAKE_PREFIX_PATH}:/home/student/ros2_ws/install/turtlebot3_teleop:/home/student/ros2_ws/install/turtlebot3_example:/opt/ros/humble /usr/bin/cmake /home/student/Desktop/Robotics_Studio_1/Robotics_Studio_1/Week 1 Lab/opencv_lab1 -DCMAKE_INSTALL_PREFIX=/home/student/Desktop/Robotics_Studio_1/Robotics_Studio_1/Week 1 Lab/opencv_lab1/install/opencv_lab1
[2.276s] DEBUG:colcon.colcon_core.event_handler.log_command:Invoked command in '/home/student/Desktop/Robotics_Studio_1/Robotics_Studio_1/Week 1 Lab/opencv_lab1/build/opencv_lab1' returned '0': CMAKE_PREFIX_PATH=${CMAKE_PREFIX_PATH}:/home/student/ros2_ws/install/turtlebot3_teleop:/home/student/ros2_ws/install/turtlebot3_example:/opt/ros/humble /usr/bin/cmake /home/student/Desktop/Robotics_Studio_1/Robotics_Studio_1/Week 1 Lab/opencv_lab1 -DCMAKE_INSTALL_PREFIX=/home/student/Desktop/Robotics_Studio_1/Robotics_Studio_1/Week 1 Lab/opencv_lab1/install/opencv_lab1
[2.279s] DEBUG:colcon.colcon_core.event_handler.log_command:Invoking command in '/home/student/Desktop/Robotics_Studio_1/Robotics_Studio_1/Week 1 Lab/opencv_lab1/build/opencv_lab1': CMAKE_PREFIX_PATH=${CMAKE_PREFIX_PATH}:/home/student/ros2_ws/install/turtlebot3_teleop:/home/student/ros2_ws/install/turtlebot3_example:/opt/ros/humble /usr/bin/cmake --build /home/student/Desktop/Robotics_Studio_1/Robotics_Studio_1/Week 1 Lab/opencv_lab1/build/opencv_lab1 -- -j8 -l8
[13.450s] DEBUG:colcon.colcon_core.event_handler.log_command:Invoked command in '/home/student/Desktop/Robotics_Studio_1/Robotics_Studio_1/Week 1 Lab/opencv_lab1/build/opencv_lab1' returned '0': CMAKE_PREFIX_PATH=${CMAKE_PREFIX_PATH}:/home/student/ros2_ws/install/turtlebot3_teleop:/home/student/ros2_ws/install/turtlebot3_example:/opt/ros/humble /usr/bin/cmake --build /home/student/Desktop/Robotics_Studio_1/Robotics_Studio_1/Week 1 Lab/opencv_lab1/build/opencv_lab1 -- -j8 -l8
[13.499s] DEBUG:colcon.colcon_core.event_handler.log_command:Invoking command in '/home/student/Desktop/Robotics_Studio_1/Robotics_Studio_1/Week 1 Lab/opencv_lab1/build/opencv_lab1': CMAKE_PREFIX_PATH=${CMAKE_PREFIX_PATH}:/home/student/ros2_ws/install/turtlebot3_teleop:/home/student/ros2_ws/install/turtlebot3_example:/opt/ros/humble /usr/bin/cmake --install /home/student/Desktop/Robotics_Studio_1/Robotics_Studio_1/Week 1 Lab/opencv_lab1/build/opencv_lab1
[13.519s] Level 1:colcon.colcon_core.environment:create_environment_scripts_only(opencv_lab1)
[13.520s] DEBUG:colcon.colcon_core.event_handler.log_command:Invoked command in '/home/student/Desktop/Robotics_Studio_1/Robotics_Studio_1/Week 1 Lab/opencv_lab1/build/opencv_lab1' returned '0': CMAKE_PREFIX_PATH=${CMAKE_PREFIX_PATH}:/home/student/ros2_ws/install/turtlebot3_teleop:/home/student/ros2_ws/install/turtlebot3_example:/opt/ros/humble /usr/bin/cmake --install /home/student/Desktop/Robotics_Studio_1/Robotics_Studio_1/Week 1 Lab/opencv_lab1/build/opencv_lab1
[13.522s] Level 1:colcon.colcon_core.environment:checking '/home/student/Desktop/Robotics_Studio_1/Robotics_Studio_1/Week 1 Lab/opencv_lab1/install/opencv_lab1' for CMake module files
[13.523s] Level 1:colcon.colcon_core.environment:checking '/home/student/Desktop/Robotics_Studio_1/Robotics_Studio_1/Week 1 Lab/opencv_lab1/install/opencv_lab1' for CMake config files
[13.523s] Level 1:colcon.colcon_core.shell:create_environment_hook('opencv_lab1', 'cmake_prefix_path')
[13.523s] INFO:colcon.colcon_core.shell:Creating environment hook '/home/student/Desktop/Robotics_Studio_1/Robotics_Studio_1/Week 1 Lab/opencv_lab1/install/opencv_lab1/share/opencv_lab1/hook/cmake_prefix_path.ps1'
[13.524s] INFO:colcon.colcon_core.shell:Creating environment descriptor '/home/student/Desktop/Robotics_Studio_1/Robotics_Studio_1/Week 1 Lab/opencv_lab1/install/opencv_lab1/share/opencv_lab1/hook/cmake_prefix_path.dsv'
[13.524s] INFO:colcon.colcon_core.shell:Creating environment hook '/home/student/Desktop/Robotics_Studio_1/Robotics_Studio_1/Week 1 Lab/opencv_lab1/install/opencv_lab1/share/opencv_lab1/hook/cmake_prefix_path.sh'
[13.525s] Level 1:colcon.colcon_core.environment:checking '/home/student/Desktop/Robotics_Studio_1/Robotics_Studio_1/Week 1 Lab/opencv_lab1/install/opencv_lab1/lib'
[13.525s] Level 1:colcon.colcon_core.environment:checking '/home/student/Desktop/Robotics_Studio_1/Robotics_Studio_1/Week 1 Lab/opencv_lab1/install/opencv_lab1/bin'
[13.525s] Level 1:colcon.colcon_core.environment:checking '/home/student/Desktop/Robotics_Studio_1/Robotics_Studio_1/Week 1 Lab/opencv_lab1/install/opencv_lab1/lib/pkgconfig/opencv_lab1.pc'
[13.526s] Level 1:colcon.colcon_core.environment:checking '/home/student/Desktop/Robotics_Studio_1/Robotics_Studio_1/Week 1 Lab/opencv_lab1/install/opencv_lab1/lib/python3.10/site-packages'
[13.526s] Level 1:colcon.colcon_core.environment:checking '/home/student/Desktop/Robotics_Studio_1/Robotics_Studio_1/Week 1 Lab/opencv_lab1/install/opencv_lab1/bin'
[13.526s] INFO:colcon.colcon_core.shell:Creating package script '/home/student/Desktop/Robotics_Studio_1/Robotics_Studio_1/Week 1 Lab/opencv_lab1/install/opencv_lab1/share/opencv_lab1/package.ps1'
[13.527s] INFO:colcon.colcon_core.shell:Creating package descriptor '/home/student/Desktop/Robotics_Studio_1/Robotics_Studio_1/Week 1 Lab/opencv_lab1/install/opencv_lab1/share/opencv_lab1/package.dsv'
[13.528s] INFO:colcon.colcon_core.shell:Creating package script '/home/student/Desktop/Robotics_Studio_1/Robotics_Studio_1/Week 1 Lab/opencv_lab1/install/opencv_lab1/share/opencv_lab1/package.sh'
[13.529s] INFO:colcon.colcon_core.shell:Creating package script '/home/student/Desktop/Robotics_Studio_1/Robotics_Studio_1/Week 1 Lab/opencv_lab1/install/opencv_lab1/share/opencv_lab1/package.bash'
[13.529s] INFO:colcon.colcon_core.shell:Creating package script '/home/student/Desktop/Robotics_Studio_1/Robotics_Studio_1/Week 1 Lab/opencv_lab1/install/opencv_lab1/share/opencv_lab1/package.zsh'
[13.530s] Level 1:colcon.colcon_core.environment:create_file_with_runtime_dependencies(/home/student/Desktop/Robotics_Studio_1/Robotics_Studio_1/Week 1 Lab/opencv_lab1/install/opencv_lab1/share/colcon-core/packages/opencv_lab1)
[13.566s] Level 1:colcon.colcon_core.environment:create_environment_scripts_only(opencv_lab1)
[13.566s] Level 1:colcon.colcon_core.environment:checking '/home/student/Desktop/Robotics_Studio_1/Robotics_Studio_1/Week 1 Lab/opencv_lab1/install/opencv_lab1' for CMake module files
[13.567s] Level 1:colcon.colcon_core.environment:checking '/home/student/Desktop/Robotics_Studio_1/Robotics_Studio_1/Week 1 Lab/opencv_lab1/install/opencv_lab1' for CMake config files
[13.567s] Level 1:colcon.colcon_core.shell:create_environment_hook('opencv_lab1', 'cmake_prefix_path')
[13.568s] INFO:colcon.colcon_core.shell:Creating environment hook '/home/student/Desktop/Robotics_Studio_1/Robotics_Studio_1/Week 1 Lab/opencv_lab1/install/opencv_lab1/share/opencv_lab1/hook/cmake_prefix_path.ps1'
[13.568s] INFO:colcon.colcon_core.shell:Creating environment descriptor '/home/student/Desktop/Robotics_Studio_1/Robotics_Studio_1/Week 1 Lab/opencv_lab1/install/opencv_lab1/share/opencv_lab1/hook/cmake_prefix_path.dsv'
[13.569s] INFO:colcon.colcon_core.shell:Creating environment hook '/home/student/Desktop/Robotics_Studio_1/Robotics_Studio_1/Week 1 Lab/opencv_lab1/install/opencv_lab1/share/opencv_lab1/hook/cmake_prefix_path.sh'
[13.569s] Level 1:colcon.colcon_core.environment:checking '/home/student/Desktop/Robotics_Studio_1/Robotics_Studio_1/Week 1 Lab/opencv_lab1/install/opencv_lab1/lib'
[13.570s] Level 1:colcon.colcon_core.environment:checking '/home/student/Desktop/Robotics_Studio_1/Robotics_Studio_1/Week 1 Lab/opencv_lab1/install/opencv_lab1/bin'
[13.570s] Level 1:colcon.colcon_core.environment:checking '/home/student/Desktop/Robotics_Studio_1/Robotics_Studio_1/Week 1 Lab/opencv_lab1/install/opencv_lab1/lib/pkgconfig/opencv_lab1.pc'
[13.570s] Level 1:colcon.colcon_core.environment:checking '/home/student/Desktop/Robotics_Studio_1/Robotics_Studio_1/Week 1 Lab/opencv_lab1/install/opencv_lab1/lib/python3.10/site-packages'
[13.570s] Level 1:colcon.colcon_core.environment:checking '/home/student/Desktop/Robotics_Studio_1/Robotics_Studio_1/Week 1 Lab/opencv_lab1/install/opencv_lab1/bin'
[13.571s] INFO:colcon.colcon_core.shell:Creating package script '/home/student/Desktop/Robotics_Studio_1/Robotics_Studio_1/Week 1 Lab/opencv_lab1/install/opencv_lab1/share/opencv_lab1/package.ps1'
[13.571s] INFO:colcon.colcon_core.shell:Creating package descriptor '/home/student/Desktop/Robotics_Studio_1/Robotics_Studio_1/Week 1 Lab/opencv_lab1/install/opencv_lab1/share/opencv_lab1/package.dsv'
[13.572s] INFO:colcon.colcon_core.shell:Creating package script '/home/student/Desktop/Robotics_Studio_1/Robotics_Studio_1/Week 1 Lab/opencv_lab1/install/opencv_lab1/share/opencv_lab1/package.sh'
[13.573s] INFO:colcon.colcon_core.shell:Creating package script '/home/student/Desktop/Robotics_Studio_1/Robotics_Studio_1/Week 1 Lab/opencv_lab1/install/opencv_lab1/share/opencv_lab1/package.bash'
[13.573s] INFO:colcon.colcon_core.shell:Creating package script '/home/student/Desktop/Robotics_Studio_1/Robotics_Studio_1/Week 1 Lab/opencv_lab1/install/opencv_lab1/share/opencv_lab1/package.zsh'
[13.574s] Level 1:colcon.colcon_core.environment:create_file_with_runtime_dependencies(/home/student/Desktop/Robotics_Studio_1/Robotics_Studio_1/Week 1 Lab/opencv_lab1/install/opencv_lab1/share/colcon-core/packages/opencv_lab1)
[13.574s] DEBUG:colcon.colcon_parallel_executor.executor.parallel:closing loop
[13.574s] DEBUG:colcon.colcon_parallel_executor.executor.parallel:loop closed
[13.574s] DEBUG:colcon.colcon_parallel_executor.executor.parallel:run_until_complete finished with '0'
[13.575s] DEBUG:colcon.colcon_core.event_reactor:joining thread
[13.581s] INFO:colcon.colcon_core.plugin_system:Skipping extension 'colcon_notification.desktop_notification.terminal_notifier': Not used on non-Darwin systems
[13.581s] INFO:colcon.colcon_core.plugin_system:Skipping extension 'colcon_notification.desktop_notification.win32': Not used on non-Windows systems
[13.581s] INFO:colcon.colcon_notification.desktop_notification:Sending desktop notification using 'notify2'
[13.598s] DEBUG:colcon.colcon_core.event_reactor:joined thread
[13.598s] INFO:colcon.colcon_core.shell:Creating prefix script '/home/student/Desktop/Robotics_Studio_1/Robotics_Studio_1/Week 1 Lab/opencv_lab1/install/local_setup.ps1'
[13.600s] INFO:colcon.colcon_core.shell:Creating prefix util module '/home/student/Desktop/Robotics_Studio_1/Robotics_Studio_1/Week 1 Lab/opencv_lab1/install/_local_setup_util_ps1.py'
[13.601s] INFO:colcon.colcon_core.shell:Creating prefix chain script '/home/student/Desktop/Robotics_Studio_1/Robotics_Studio_1/Week 1 Lab/opencv_lab1/install/setup.ps1'
[13.604s] INFO:colcon.colcon_core.shell:Creating prefix script '/home/student/Desktop/Robotics_Studio_1/Robotics_Studio_1/Week 1 Lab/opencv_lab1/install/local_setup.sh'
[13.605s] INFO:colcon.colcon_core.shell:Creating prefix util module '/home/student/Desktop/Robotics_Studio_1/Robotics_Studio_1/Week 1 Lab/opencv_lab1/install/_local_setup_util_sh.py'
[13.606s] INFO:colcon.colcon_core.shell:Creating prefix chain script '/home/student/Desktop/Robotics_Studio_1/Robotics_Studio_1/Week 1 Lab/opencv_lab1/install/setup.sh'
[13.608s] INFO:colcon.colcon_core.shell:Creating prefix script '/home/student/Desktop/Robotics_Studio_1/Robotics_Studio_1/Week 1 Lab/opencv_lab1/install/local_setup.bash'
[13.608s] INFO:colcon.colcon_core.shell:Creating prefix chain script '/home/student/Desktop/Robotics_Studio_1/Robotics_Studio_1/Week 1 Lab/opencv_lab1/install/setup.bash'
[13.611s] INFO:colcon.colcon_core.shell:Creating prefix script '/home/student/Desktop/Robotics_Studio_1/Robotics_Studio_1/Week 1 Lab/opencv_lab1/install/local_setup.zsh'
[13.611s] INFO:colcon.colcon_core.shell:Creating prefix chain script '/home/student/Desktop/Robotics_Studio_1/Robotics_Studio_1/Week 1 Lab/opencv_lab1/install/setup.zsh'
